mode: set
github.com/taucuya/ppo/internal/core/mock_structs/auth_mock.go:27.67,31.2 3 0
github.com/taucuya/ppo/internal/core/mock_structs/auth_mock.go:34.65,36.2 1 0
github.com/taucuya/ppo/internal/core/mock_structs/auth_mock.go:39.101,46.2 6 0
github.com/taucuya/ppo/internal/core/mock_structs/auth_mock.go:49.92,52.2 2 0
github.com/taucuya/ppo/internal/core/mock_structs/auth_mock.go:55.76,60.2 4 0
github.com/taucuya/ppo/internal/core/mock_structs/auth_mock.go:63.81,66.2 2 0
github.com/taucuya/ppo/internal/core/mock_structs/auth_mock.go:69.100,75.2 5 0
github.com/taucuya/ppo/internal/core/mock_structs/auth_mock.go:78.99,81.2 2 0
github.com/taucuya/ppo/internal/core/mock_structs/auth_mock.go:84.77,89.2 4 0
github.com/taucuya/ppo/internal/core/mock_structs/auth_mock.go:92.80,95.2 2 0
github.com/taucuya/ppo/internal/core/mock_structs/auth_mock.go:98.94,104.2 5 0
github.com/taucuya/ppo/internal/core/mock_structs/auth_mock.go:107.89,110.2 2 0
github.com/taucuya/ppo/internal/core/mock_structs/auth_mock.go:124.73,128.2 3 0
github.com/taucuya/ppo/internal/core/mock_structs/auth_mock.go:131.71,133.2 1 0
github.com/taucuya/ppo/internal/core/mock_structs/auth_mock.go:136.99,141.2 4 0
github.com/taucuya/ppo/internal/core/mock_structs/auth_mock.go:144.97,147.2 2 0
github.com/taucuya/ppo/internal/core/mock_structs/auth_mock.go:150.84,155.2 4 0
github.com/taucuya/ppo/internal/core/mock_structs/auth_mock.go:158.89,161.2 2 0
github.com/taucuya/ppo/internal/core/mock_structs/auth_mock.go:175.61,179.2 3 0
github.com/taucuya/ppo/internal/core/mock_structs/auth_mock.go:182.59,184.2 1 0
github.com/taucuya/ppo/internal/core/mock_structs/auth_mock.go:187.74,192.2 4 0
github.com/taucuya/ppo/internal/core/mock_structs/auth_mock.go:195.77,198.2 2 0
github.com/taucuya/ppo/internal/core/mock_structs/auth_mock.go:201.90,207.2 5 0
github.com/taucuya/ppo/internal/core/mock_structs/auth_mock.go:210.83,213.2 2 0
github.com/taucuya/ppo/internal/core/mock_structs/auth_mock.go:227.69,231.2 3 0
github.com/taucuya/ppo/internal/core/mock_structs/auth_mock.go:234.67,236.2 1 0
github.com/taucuya/ppo/internal/core/mock_structs/auth_mock.go:239.97,246.2 6 0
github.com/taucuya/ppo/internal/core/mock_structs/auth_mock.go:249.84,252.2 2 0
github.com/taucuya/ppo/internal/core/mock_structs/auth_mock.go:255.101,261.2 5 0
github.com/taucuya/ppo/internal/core/mock_structs/auth_mock.go:264.100,267.2 2 0
github.com/taucuya/ppo/internal/core/mock_structs/auth_mock.go:270.95,276.2 5 0
github.com/taucuya/ppo/internal/core/mock_structs/auth_mock.go:279.90,282.2 2 0
github.com/taucuya/ppo/internal/core/mock_structs/basket_mock.go:27.71,31.2 3 0
github.com/taucuya/ppo/internal/core/mock_structs/basket_mock.go:34.69,36.2 1 0
github.com/taucuya/ppo/internal/core/mock_structs/basket_mock.go:39.86,44.2 4 0
github.com/taucuya/ppo/internal/core/mock_structs/basket_mock.go:47.83,50.2 2 0
github.com/taucuya/ppo/internal/core/mock_structs/basket_mock.go:53.81,58.2 4 0
github.com/taucuya/ppo/internal/core/mock_structs/basket_mock.go:61.82,64.2 2 0
github.com/taucuya/ppo/internal/core/mock_structs/basket_mock.go:67.82,72.2 4 0
github.com/taucuya/ppo/internal/core/mock_structs/basket_mock.go:75.87,78.2 2 0
github.com/taucuya/ppo/internal/core/mock_structs/basket_mock.go:81.97,87.2 5 0
github.com/taucuya/ppo/internal/core/mock_structs/basket_mock.go:90.84,93.2 2 0
github.com/taucuya/ppo/internal/core/mock_structs/basket_mock.go:96.111,102.2 5 0
github.com/taucuya/ppo/internal/core/mock_structs/basket_mock.go:105.92,108.2 2 0
github.com/taucuya/ppo/internal/core/mock_structs/basket_mock.go:111.100,116.2 4 0
github.com/taucuya/ppo/internal/core/mock_structs/basket_mock.go:119.101,122.2 2 0
github.com/taucuya/ppo/internal/core/mock_structs/basket_mock.go:136.77,140.2 3 0
github.com/taucuya/ppo/internal/core/mock_structs/basket_mock.go:143.75,145.2 1 0
github.com/taucuya/ppo/internal/core/mock_structs/basket_mock.go:148.89,153.2 4 0
github.com/taucuya/ppo/internal/core/mock_structs/basket_mock.go:156.86,159.2 2 0
github.com/taucuya/ppo/internal/core/mock_structs/basket_mock.go:162.84,167.2 4 0
github.com/taucuya/ppo/internal/core/mock_structs/basket_mock.go:170.85,173.2 2 0
github.com/taucuya/ppo/internal/core/mock_structs/basket_mock.go:176.85,181.2 4 0
github.com/taucuya/ppo/internal/core/mock_structs/basket_mock.go:184.90,187.2 2 0
github.com/taucuya/ppo/internal/core/mock_structs/basket_mock.go:190.100,196.2 5 0
github.com/taucuya/ppo/internal/core/mock_structs/basket_mock.go:199.87,202.2 2 0
github.com/taucuya/ppo/internal/core/mock_structs/basket_mock.go:205.114,211.2 5 0
github.com/taucuya/ppo/internal/core/mock_structs/basket_mock.go:214.95,217.2 2 0
github.com/taucuya/ppo/internal/core/mock_structs/basket_mock.go:220.103,225.2 4 0
github.com/taucuya/ppo/internal/core/mock_structs/basket_mock.go:228.104,231.2 2 0
github.com/taucuya/ppo/internal/core/mock_structs/brand_mock.go:27.69,31.2 3 0
github.com/taucuya/ppo/internal/core/mock_structs/brand_mock.go:34.67,36.2 1 0
github.com/taucuya/ppo/internal/core/mock_structs/brand_mock.go:39.79,44.2 4 0
github.com/taucuya/ppo/internal/core/mock_structs/brand_mock.go:47.81,50.2 2 0
github.com/taucuya/ppo/internal/core/mock_structs/brand_mock.go:53.77,58.2 4 0
github.com/taucuya/ppo/internal/core/mock_structs/brand_mock.go:61.82,64.2 2 0
github.com/taucuya/ppo/internal/core/mock_structs/brand_mock.go:67.87,73.2 5 0
github.com/taucuya/ppo/internal/core/mock_structs/brand_mock.go:76.84,79.2 2 0
github.com/taucuya/ppo/internal/core/mock_structs/brand_mock.go:82.95,88.2 5 0
github.com/taucuya/ppo/internal/core/mock_structs/brand_mock.go:91.83,94.2 2 0
github.com/taucuya/ppo/internal/core/mock_structs/brand_mock.go:108.75,112.2 3 0
github.com/taucuya/ppo/internal/core/mock_structs/brand_mock.go:115.73,117.2 1 0
github.com/taucuya/ppo/internal/core/mock_structs/brand_mock.go:120.82,125.2 4 0
github.com/taucuya/ppo/internal/core/mock_structs/brand_mock.go:128.84,131.2 2 0
github.com/taucuya/ppo/internal/core/mock_structs/brand_mock.go:134.80,139.2 4 0
github.com/taucuya/ppo/internal/core/mock_structs/brand_mock.go:142.85,145.2 2 0
github.com/taucuya/ppo/internal/core/mock_structs/brand_mock.go:148.90,154.2 5 0
github.com/taucuya/ppo/internal/core/mock_structs/brand_mock.go:157.87,160.2 2 0
github.com/taucuya/ppo/internal/core/mock_structs/brand_mock.go:163.98,169.2 5 0
github.com/taucuya/ppo/internal/core/mock_structs/brand_mock.go:172.86,175.2 2 0
github.com/taucuya/ppo/internal/core/mock_structs/order_mock.go:27.69,31.2 3 0
github.com/taucuya/ppo/internal/core/mock_structs/order_mock.go:34.67,36.2 1 0
github.com/taucuya/ppo/internal/core/mock_structs/order_mock.go:39.88,44.2 4 0
github.com/taucuya/ppo/internal/core/mock_structs/order_mock.go:47.93,50.2 2 0
github.com/taucuya/ppo/internal/core/mock_structs/order_mock.go:53.79,58.2 4 0
github.com/taucuya/ppo/internal/core/mock_structs/order_mock.go:61.81,64.2 2 0
github.com/taucuya/ppo/internal/core/mock_structs/order_mock.go:67.77,72.2 4 0
github.com/taucuya/ppo/internal/core/mock_structs/order_mock.go:75.82,78.2 2 0
github.com/taucuya/ppo/internal/core/mock_structs/order_mock.go:81.95,87.2 5 0
github.com/taucuya/ppo/internal/core/mock_structs/order_mock.go:90.83,93.2 2 0
github.com/taucuya/ppo/internal/core/mock_structs/order_mock.go:96.103,102.2 5 0
github.com/taucuya/ppo/internal/core/mock_structs/order_mock.go:105.84,108.2 2 0
github.com/taucuya/ppo/internal/core/mock_structs/order_mock.go:111.90,117.2 5 0
github.com/taucuya/ppo/internal/core/mock_structs/order_mock.go:120.85,123.2 2 0
github.com/taucuya/ppo/internal/core/mock_structs/order_mock.go:137.75,141.2 3 0
github.com/taucuya/ppo/internal/core/mock_structs/order_mock.go:144.73,146.2 1 0
github.com/taucuya/ppo/internal/core/mock_structs/order_mock.go:149.82,154.2 4 0
github.com/taucuya/ppo/internal/core/mock_structs/order_mock.go:157.84,160.2 2 0
github.com/taucuya/ppo/internal/core/mock_structs/order_mock.go:163.80,168.2 4 0
github.com/taucuya/ppo/internal/core/mock_structs/order_mock.go:171.85,174.2 2 0
github.com/taucuya/ppo/internal/core/mock_structs/order_mock.go:177.98,183.2 5 0
github.com/taucuya/ppo/internal/core/mock_structs/order_mock.go:186.86,189.2 2 0
github.com/taucuya/ppo/internal/core/mock_structs/order_mock.go:192.106,198.2 5 0
github.com/taucuya/ppo/internal/core/mock_structs/order_mock.go:201.87,204.2 2 0
github.com/taucuya/ppo/internal/core/mock_structs/order_mock.go:207.93,213.2 5 0
github.com/taucuya/ppo/internal/core/mock_structs/order_mock.go:216.88,219.2 2 0
github.com/taucuya/ppo/internal/core/mock_structs/order_mock.go:222.101,227.2 4 0
github.com/taucuya/ppo/internal/core/mock_structs/order_mock.go:230.99,233.2 2 0
github.com/taucuya/ppo/internal/core/mock_structs/product_mock.go:27.73,31.2 3 0
github.com/taucuya/ppo/internal/core/mock_structs/product_mock.go:34.71,36.2 1 0
github.com/taucuya/ppo/internal/core/mock_structs/product_mock.go:39.83,44.2 4 0
github.com/taucuya/ppo/internal/core/mock_structs/product_mock.go:47.83,50.2 2 0
github.com/taucuya/ppo/internal/core/mock_structs/product_mock.go:53.79,58.2 4 0
github.com/taucuya/ppo/internal/core/mock_structs/product_mock.go:61.84,64.2 2 0
github.com/taucuya/ppo/internal/core/mock_structs/product_mock.go:67.99,73.2 5 0
github.com/taucuya/ppo/internal/core/mock_structs/product_mock.go:76.85,79.2 2 0
github.com/taucuya/ppo/internal/core/mock_structs/product_mock.go:93.79,97.2 3 0
github.com/taucuya/ppo/internal/core/mock_structs/product_mock.go:100.77,102.2 1 0
github.com/taucuya/ppo/internal/core/mock_structs/product_mock.go:105.86,110.2 4 0
github.com/taucuya/ppo/internal/core/mock_structs/product_mock.go:113.86,116.2 2 0
github.com/taucuya/ppo/internal/core/mock_structs/product_mock.go:119.82,124.2 4 0
github.com/taucuya/ppo/internal/core/mock_structs/product_mock.go:127.87,130.2 2 0
github.com/taucuya/ppo/internal/core/mock_structs/product_mock.go:133.102,139.2 5 0
github.com/taucuya/ppo/internal/core/mock_structs/product_mock.go:142.88,145.2 2 0
github.com/taucuya/ppo/internal/core/mock_structs/review_mock.go:27.71,31.2 3 0
github.com/taucuya/ppo/internal/core/mock_structs/review_mock.go:34.69,36.2 1 0
github.com/taucuya/ppo/internal/core/mock_structs/review_mock.go:39.81,44.2 4 0
github.com/taucuya/ppo/internal/core/mock_structs/review_mock.go:47.82,50.2 2 0
github.com/taucuya/ppo/internal/core/mock_structs/review_mock.go:53.78,58.2 4 0
github.com/taucuya/ppo/internal/core/mock_structs/review_mock.go:61.83,64.2 2 0
github.com/taucuya/ppo/internal/core/mock_structs/review_mock.go:67.97,73.2 5 0
github.com/taucuya/ppo/internal/core/mock_structs/review_mock.go:76.84,79.2 2 0
github.com/taucuya/ppo/internal/core/mock_structs/review_mock.go:82.117,88.2 5 0
github.com/taucuya/ppo/internal/core/mock_structs/review_mock.go:91.102,94.2 2 0
github.com/taucuya/ppo/internal/core/mock_structs/review_mock.go:108.77,112.2 3 0
github.com/taucuya/ppo/internal/core/mock_structs/review_mock.go:115.75,117.2 1 0
github.com/taucuya/ppo/internal/core/mock_structs/review_mock.go:120.84,125.2 4 0
github.com/taucuya/ppo/internal/core/mock_structs/review_mock.go:128.85,131.2 2 0
github.com/taucuya/ppo/internal/core/mock_structs/review_mock.go:134.81,139.2 4 0
github.com/taucuya/ppo/internal/core/mock_structs/review_mock.go:142.86,145.2 2 0
github.com/taucuya/ppo/internal/core/mock_structs/review_mock.go:148.100,154.2 5 0
github.com/taucuya/ppo/internal/core/mock_structs/review_mock.go:157.87,160.2 2 0
github.com/taucuya/ppo/internal/core/mock_structs/review_mock.go:163.120,169.2 5 0
github.com/taucuya/ppo/internal/core/mock_structs/review_mock.go:172.105,175.2 2 0
github.com/taucuya/ppo/internal/core/mock_structs/user_mock.go:27.67,31.2 3 0
github.com/taucuya/ppo/internal/core/mock_structs/user_mock.go:34.65,36.2 1 0
github.com/taucuya/ppo/internal/core/mock_structs/user_mock.go:39.77,44.2 4 0
github.com/taucuya/ppo/internal/core/mock_structs/user_mock.go:47.80,50.2 2 0
github.com/taucuya/ppo/internal/core/mock_structs/user_mock.go:53.93,59.2 5 0
github.com/taucuya/ppo/internal/core/mock_structs/user_mock.go:62.82,65.2 2 0
github.com/taucuya/ppo/internal/core/mock_structs/user_mock.go:68.93,74.2 5 0
github.com/taucuya/ppo/internal/core/mock_structs/user_mock.go:77.86,80.2 2 0
github.com/taucuya/ppo/internal/core/mock_structs/user_mock.go:83.95,89.2 5 0
github.com/taucuya/ppo/internal/core/mock_structs/user_mock.go:92.88,95.2 2 0
github.com/taucuya/ppo/internal/core/mock_structs/user_mock.go:109.73,113.2 3 0
github.com/taucuya/ppo/internal/core/mock_structs/user_mock.go:116.71,118.2 1 0
github.com/taucuya/ppo/internal/core/mock_structs/user_mock.go:121.80,126.2 4 0
github.com/taucuya/ppo/internal/core/mock_structs/user_mock.go:129.83,132.2 2 0
github.com/taucuya/ppo/internal/core/mock_structs/user_mock.go:135.96,141.2 5 0
github.com/taucuya/ppo/internal/core/mock_structs/user_mock.go:144.85,147.2 2 0
github.com/taucuya/ppo/internal/core/mock_structs/user_mock.go:150.96,156.2 5 0
github.com/taucuya/ppo/internal/core/mock_structs/user_mock.go:159.89,162.2 2 0
github.com/taucuya/ppo/internal/core/mock_structs/user_mock.go:165.98,171.2 5 0
github.com/taucuya/ppo/internal/core/mock_structs/user_mock.go:174.91,177.2 2 0
github.com/taucuya/ppo/internal/core/mock_structs/worker_mock.go:27.71,31.2 3 0
github.com/taucuya/ppo/internal/core/mock_structs/worker_mock.go:34.69,36.2 1 0
github.com/taucuya/ppo/internal/core/mock_structs/worker_mock.go:39.81,44.2 4 0
github.com/taucuya/ppo/internal/core/mock_structs/worker_mock.go:47.82,50.2 2 0
github.com/taucuya/ppo/internal/core/mock_structs/worker_mock.go:53.78,58.2 4 0
github.com/taucuya/ppo/internal/core/mock_structs/worker_mock.go:61.83,64.2 2 0
github.com/taucuya/ppo/internal/core/mock_structs/worker_mock.go:67.90,73.2 5 0
github.com/taucuya/ppo/internal/core/mock_structs/worker_mock.go:76.86,79.2 2 0
github.com/taucuya/ppo/internal/core/mock_structs/worker_mock.go:82.97,88.2 5 0
github.com/taucuya/ppo/internal/core/mock_structs/worker_mock.go:91.84,94.2 2 0
github.com/taucuya/ppo/internal/core/mock_structs/worker_mock.go:108.77,112.2 3 0
github.com/taucuya/ppo/internal/core/mock_structs/worker_mock.go:115.75,117.2 1 0
github.com/taucuya/ppo/internal/core/mock_structs/worker_mock.go:120.84,125.2 4 0
github.com/taucuya/ppo/internal/core/mock_structs/worker_mock.go:128.85,131.2 2 0
github.com/taucuya/ppo/internal/core/mock_structs/worker_mock.go:134.81,139.2 4 0
github.com/taucuya/ppo/internal/core/mock_structs/worker_mock.go:142.86,145.2 2 0
github.com/taucuya/ppo/internal/core/mock_structs/worker_mock.go:148.93,154.2 5 0
github.com/taucuya/ppo/internal/core/mock_structs/worker_mock.go:157.89,160.2 2 0
github.com/taucuya/ppo/internal/core/mock_structs/worker_mock.go:163.100,169.2 5 0
github.com/taucuya/ppo/internal/core/mock_structs/worker_mock.go:172.87,175.2 2 0
github.com/taucuya/ppo/internal/core/mock_structs/auth_mock.go:27.67,31.2 3 0
github.com/taucuya/ppo/internal/core/mock_structs/auth_mock.go:34.65,36.2 1 0
github.com/taucuya/ppo/internal/core/mock_structs/auth_mock.go:39.101,46.2 6 0
github.com/taucuya/ppo/internal/core/mock_structs/auth_mock.go:49.92,52.2 2 0
github.com/taucuya/ppo/internal/core/mock_structs/auth_mock.go:55.76,60.2 4 0
github.com/taucuya/ppo/internal/core/mock_structs/auth_mock.go:63.81,66.2 2 0
github.com/taucuya/ppo/internal/core/mock_structs/auth_mock.go:69.100,75.2 5 0
github.com/taucuya/ppo/internal/core/mock_structs/auth_mock.go:78.99,81.2 2 0
github.com/taucuya/ppo/internal/core/mock_structs/auth_mock.go:84.77,89.2 4 0
github.com/taucuya/ppo/internal/core/mock_structs/auth_mock.go:92.80,95.2 2 0
github.com/taucuya/ppo/internal/core/mock_structs/auth_mock.go:98.94,104.2 5 0
github.com/taucuya/ppo/internal/core/mock_structs/auth_mock.go:107.89,110.2 2 0
github.com/taucuya/ppo/internal/core/mock_structs/auth_mock.go:124.73,128.2 3 1
github.com/taucuya/ppo/internal/core/mock_structs/auth_mock.go:131.71,133.2 1 1
github.com/taucuya/ppo/internal/core/mock_structs/auth_mock.go:136.99,141.2 4 1
github.com/taucuya/ppo/internal/core/mock_structs/auth_mock.go:144.97,147.2 2 1
github.com/taucuya/ppo/internal/core/mock_structs/auth_mock.go:150.84,155.2 4 1
github.com/taucuya/ppo/internal/core/mock_structs/auth_mock.go:158.89,161.2 2 1
github.com/taucuya/ppo/internal/core/mock_structs/auth_mock.go:175.61,179.2 3 1
github.com/taucuya/ppo/internal/core/mock_structs/auth_mock.go:182.59,184.2 1 1
github.com/taucuya/ppo/internal/core/mock_structs/auth_mock.go:187.74,192.2 4 1
github.com/taucuya/ppo/internal/core/mock_structs/auth_mock.go:195.77,198.2 2 1
github.com/taucuya/ppo/internal/core/mock_structs/auth_mock.go:201.90,207.2 5 1
github.com/taucuya/ppo/internal/core/mock_structs/auth_mock.go:210.83,213.2 2 1
github.com/taucuya/ppo/internal/core/mock_structs/auth_mock.go:227.69,231.2 3 1
github.com/taucuya/ppo/internal/core/mock_structs/auth_mock.go:234.67,236.2 1 1
github.com/taucuya/ppo/internal/core/mock_structs/auth_mock.go:239.97,246.2 6 1
github.com/taucuya/ppo/internal/core/mock_structs/auth_mock.go:249.84,252.2 2 1
github.com/taucuya/ppo/internal/core/mock_structs/auth_mock.go:255.101,261.2 5 1
github.com/taucuya/ppo/internal/core/mock_structs/auth_mock.go:264.100,267.2 2 1
github.com/taucuya/ppo/internal/core/mock_structs/auth_mock.go:270.95,276.2 5 1
github.com/taucuya/ppo/internal/core/mock_structs/auth_mock.go:279.90,282.2 2 1
github.com/taucuya/ppo/internal/core/mock_structs/basket_mock.go:27.71,31.2 3 0
github.com/taucuya/ppo/internal/core/mock_structs/basket_mock.go:34.69,36.2 1 0
github.com/taucuya/ppo/internal/core/mock_structs/basket_mock.go:39.86,44.2 4 0
github.com/taucuya/ppo/internal/core/mock_structs/basket_mock.go:47.83,50.2 2 0
github.com/taucuya/ppo/internal/core/mock_structs/basket_mock.go:53.81,58.2 4 0
github.com/taucuya/ppo/internal/core/mock_structs/basket_mock.go:61.82,64.2 2 0
github.com/taucuya/ppo/internal/core/mock_structs/basket_mock.go:67.82,72.2 4 0
github.com/taucuya/ppo/internal/core/mock_structs/basket_mock.go:75.87,78.2 2 0
github.com/taucuya/ppo/internal/core/mock_structs/basket_mock.go:81.97,87.2 5 0
github.com/taucuya/ppo/internal/core/mock_structs/basket_mock.go:90.84,93.2 2 0
github.com/taucuya/ppo/internal/core/mock_structs/basket_mock.go:96.111,102.2 5 0
github.com/taucuya/ppo/internal/core/mock_structs/basket_mock.go:105.92,108.2 2 0
github.com/taucuya/ppo/internal/core/mock_structs/basket_mock.go:111.100,116.2 4 0
github.com/taucuya/ppo/internal/core/mock_structs/basket_mock.go:119.101,122.2 2 0
github.com/taucuya/ppo/internal/core/mock_structs/basket_mock.go:136.77,140.2 3 0
github.com/taucuya/ppo/internal/core/mock_structs/basket_mock.go:143.75,145.2 1 0
github.com/taucuya/ppo/internal/core/mock_structs/basket_mock.go:148.89,153.2 4 0
github.com/taucuya/ppo/internal/core/mock_structs/basket_mock.go:156.86,159.2 2 0
github.com/taucuya/ppo/internal/core/mock_structs/basket_mock.go:162.84,167.2 4 0
github.com/taucuya/ppo/internal/core/mock_structs/basket_mock.go:170.85,173.2 2 0
github.com/taucuya/ppo/internal/core/mock_structs/basket_mock.go:176.85,181.2 4 0
github.com/taucuya/ppo/internal/core/mock_structs/basket_mock.go:184.90,187.2 2 0
github.com/taucuya/ppo/internal/core/mock_structs/basket_mock.go:190.100,196.2 5 0
github.com/taucuya/ppo/internal/core/mock_structs/basket_mock.go:199.87,202.2 2 0
github.com/taucuya/ppo/internal/core/mock_structs/basket_mock.go:205.114,211.2 5 0
github.com/taucuya/ppo/internal/core/mock_structs/basket_mock.go:214.95,217.2 2 0
github.com/taucuya/ppo/internal/core/mock_structs/basket_mock.go:220.103,225.2 4 0
github.com/taucuya/ppo/internal/core/mock_structs/basket_mock.go:228.104,231.2 2 0
github.com/taucuya/ppo/internal/core/mock_structs/brand_mock.go:27.69,31.2 3 0
github.com/taucuya/ppo/internal/core/mock_structs/brand_mock.go:34.67,36.2 1 0
github.com/taucuya/ppo/internal/core/mock_structs/brand_mock.go:39.79,44.2 4 0
github.com/taucuya/ppo/internal/core/mock_structs/brand_mock.go:47.81,50.2 2 0
github.com/taucuya/ppo/internal/core/mock_structs/brand_mock.go:53.77,58.2 4 0
github.com/taucuya/ppo/internal/core/mock_structs/brand_mock.go:61.82,64.2 2 0
github.com/taucuya/ppo/internal/core/mock_structs/brand_mock.go:67.87,73.2 5 0
github.com/taucuya/ppo/internal/core/mock_structs/brand_mock.go:76.84,79.2 2 0
github.com/taucuya/ppo/internal/core/mock_structs/brand_mock.go:82.95,88.2 5 0
github.com/taucuya/ppo/internal/core/mock_structs/brand_mock.go:91.83,94.2 2 0
github.com/taucuya/ppo/internal/core/mock_structs/brand_mock.go:108.75,112.2 3 0
github.com/taucuya/ppo/internal/core/mock_structs/brand_mock.go:115.73,117.2 1 0
github.com/taucuya/ppo/internal/core/mock_structs/brand_mock.go:120.82,125.2 4 0
github.com/taucuya/ppo/internal/core/mock_structs/brand_mock.go:128.84,131.2 2 0
github.com/taucuya/ppo/internal/core/mock_structs/brand_mock.go:134.80,139.2 4 0
github.com/taucuya/ppo/internal/core/mock_structs/brand_mock.go:142.85,145.2 2 0
github.com/taucuya/ppo/internal/core/mock_structs/brand_mock.go:148.90,154.2 5 0
github.com/taucuya/ppo/internal/core/mock_structs/brand_mock.go:157.87,160.2 2 0
github.com/taucuya/ppo/internal/core/mock_structs/brand_mock.go:163.98,169.2 5 0
github.com/taucuya/ppo/internal/core/mock_structs/brand_mock.go:172.86,175.2 2 0
github.com/taucuya/ppo/internal/core/mock_structs/order_mock.go:27.69,31.2 3 0
github.com/taucuya/ppo/internal/core/mock_structs/order_mock.go:34.67,36.2 1 0
github.com/taucuya/ppo/internal/core/mock_structs/order_mock.go:39.88,44.2 4 0
github.com/taucuya/ppo/internal/core/mock_structs/order_mock.go:47.93,50.2 2 0
github.com/taucuya/ppo/internal/core/mock_structs/order_mock.go:53.79,58.2 4 0
github.com/taucuya/ppo/internal/core/mock_structs/order_mock.go:61.81,64.2 2 0
github.com/taucuya/ppo/internal/core/mock_structs/order_mock.go:67.77,72.2 4 0
github.com/taucuya/ppo/internal/core/mock_structs/order_mock.go:75.82,78.2 2 0
github.com/taucuya/ppo/internal/core/mock_structs/order_mock.go:81.95,87.2 5 0
github.com/taucuya/ppo/internal/core/mock_structs/order_mock.go:90.83,93.2 2 0
github.com/taucuya/ppo/internal/core/mock_structs/order_mock.go:96.103,102.2 5 0
github.com/taucuya/ppo/internal/core/mock_structs/order_mock.go:105.84,108.2 2 0
github.com/taucuya/ppo/internal/core/mock_structs/order_mock.go:111.90,117.2 5 0
github.com/taucuya/ppo/internal/core/mock_structs/order_mock.go:120.85,123.2 2 0
github.com/taucuya/ppo/internal/core/mock_structs/order_mock.go:137.75,141.2 3 0
github.com/taucuya/ppo/internal/core/mock_structs/order_mock.go:144.73,146.2 1 0
github.com/taucuya/ppo/internal/core/mock_structs/order_mock.go:149.82,154.2 4 0
github.com/taucuya/ppo/internal/core/mock_structs/order_mock.go:157.84,160.2 2 0
github.com/taucuya/ppo/internal/core/mock_structs/order_mock.go:163.80,168.2 4 0
github.com/taucuya/ppo/internal/core/mock_structs/order_mock.go:171.85,174.2 2 0
github.com/taucuya/ppo/internal/core/mock_structs/order_mock.go:177.98,183.2 5 0
github.com/taucuya/ppo/internal/core/mock_structs/order_mock.go:186.86,189.2 2 0
github.com/taucuya/ppo/internal/core/mock_structs/order_mock.go:192.106,198.2 5 0
github.com/taucuya/ppo/internal/core/mock_structs/order_mock.go:201.87,204.2 2 0
github.com/taucuya/ppo/internal/core/mock_structs/order_mock.go:207.93,213.2 5 0
github.com/taucuya/ppo/internal/core/mock_structs/order_mock.go:216.88,219.2 2 0
github.com/taucuya/ppo/internal/core/mock_structs/order_mock.go:222.101,227.2 4 0
github.com/taucuya/ppo/internal/core/mock_structs/order_mock.go:230.99,233.2 2 0
github.com/taucuya/ppo/internal/core/mock_structs/product_mock.go:27.73,31.2 3 0
github.com/taucuya/ppo/internal/core/mock_structs/product_mock.go:34.71,36.2 1 0
github.com/taucuya/ppo/internal/core/mock_structs/product_mock.go:39.83,44.2 4 0
github.com/taucuya/ppo/internal/core/mock_structs/product_mock.go:47.83,50.2 2 0
github.com/taucuya/ppo/internal/core/mock_structs/product_mock.go:53.79,58.2 4 0
github.com/taucuya/ppo/internal/core/mock_structs/product_mock.go:61.84,64.2 2 0
github.com/taucuya/ppo/internal/core/mock_structs/product_mock.go:67.99,73.2 5 0
github.com/taucuya/ppo/internal/core/mock_structs/product_mock.go:76.85,79.2 2 0
github.com/taucuya/ppo/internal/core/mock_structs/product_mock.go:93.79,97.2 3 0
github.com/taucuya/ppo/internal/core/mock_structs/product_mock.go:100.77,102.2 1 0
github.com/taucuya/ppo/internal/core/mock_structs/product_mock.go:105.86,110.2 4 0
github.com/taucuya/ppo/internal/core/mock_structs/product_mock.go:113.86,116.2 2 0
github.com/taucuya/ppo/internal/core/mock_structs/product_mock.go:119.82,124.2 4 0
github.com/taucuya/ppo/internal/core/mock_structs/product_mock.go:127.87,130.2 2 0
github.com/taucuya/ppo/internal/core/mock_structs/product_mock.go:133.102,139.2 5 0
github.com/taucuya/ppo/internal/core/mock_structs/product_mock.go:142.88,145.2 2 0
github.com/taucuya/ppo/internal/core/mock_structs/review_mock.go:27.71,31.2 3 0
github.com/taucuya/ppo/internal/core/mock_structs/review_mock.go:34.69,36.2 1 0
github.com/taucuya/ppo/internal/core/mock_structs/review_mock.go:39.81,44.2 4 0
github.com/taucuya/ppo/internal/core/mock_structs/review_mock.go:47.82,50.2 2 0
github.com/taucuya/ppo/internal/core/mock_structs/review_mock.go:53.78,58.2 4 0
github.com/taucuya/ppo/internal/core/mock_structs/review_mock.go:61.83,64.2 2 0
github.com/taucuya/ppo/internal/core/mock_structs/review_mock.go:67.97,73.2 5 0
github.com/taucuya/ppo/internal/core/mock_structs/review_mock.go:76.84,79.2 2 0
github.com/taucuya/ppo/internal/core/mock_structs/review_mock.go:82.117,88.2 5 0
github.com/taucuya/ppo/internal/core/mock_structs/review_mock.go:91.102,94.2 2 0
github.com/taucuya/ppo/internal/core/mock_structs/review_mock.go:108.77,112.2 3 0
github.com/taucuya/ppo/internal/core/mock_structs/review_mock.go:115.75,117.2 1 0
github.com/taucuya/ppo/internal/core/mock_structs/review_mock.go:120.84,125.2 4 0
github.com/taucuya/ppo/internal/core/mock_structs/review_mock.go:128.85,131.2 2 0
github.com/taucuya/ppo/internal/core/mock_structs/review_mock.go:134.81,139.2 4 0
github.com/taucuya/ppo/internal/core/mock_structs/review_mock.go:142.86,145.2 2 0
github.com/taucuya/ppo/internal/core/mock_structs/review_mock.go:148.100,154.2 5 0
github.com/taucuya/ppo/internal/core/mock_structs/review_mock.go:157.87,160.2 2 0
github.com/taucuya/ppo/internal/core/mock_structs/review_mock.go:163.120,169.2 5 0
github.com/taucuya/ppo/internal/core/mock_structs/review_mock.go:172.105,175.2 2 0
github.com/taucuya/ppo/internal/core/mock_structs/user_mock.go:27.67,31.2 3 0
github.com/taucuya/ppo/internal/core/mock_structs/user_mock.go:34.65,36.2 1 0
github.com/taucuya/ppo/internal/core/mock_structs/user_mock.go:39.77,44.2 4 0
github.com/taucuya/ppo/internal/core/mock_structs/user_mock.go:47.80,50.2 2 0
github.com/taucuya/ppo/internal/core/mock_structs/user_mock.go:53.93,59.2 5 0
github.com/taucuya/ppo/internal/core/mock_structs/user_mock.go:62.82,65.2 2 0
github.com/taucuya/ppo/internal/core/mock_structs/user_mock.go:68.93,74.2 5 0
github.com/taucuya/ppo/internal/core/mock_structs/user_mock.go:77.86,80.2 2 0
github.com/taucuya/ppo/internal/core/mock_structs/user_mock.go:83.95,89.2 5 0
github.com/taucuya/ppo/internal/core/mock_structs/user_mock.go:92.88,95.2 2 0
github.com/taucuya/ppo/internal/core/mock_structs/user_mock.go:109.73,113.2 3 0
github.com/taucuya/ppo/internal/core/mock_structs/user_mock.go:116.71,118.2 1 0
github.com/taucuya/ppo/internal/core/mock_structs/user_mock.go:121.80,126.2 4 0
github.com/taucuya/ppo/internal/core/mock_structs/user_mock.go:129.83,132.2 2 0
github.com/taucuya/ppo/internal/core/mock_structs/user_mock.go:135.96,141.2 5 0
github.com/taucuya/ppo/internal/core/mock_structs/user_mock.go:144.85,147.2 2 0
github.com/taucuya/ppo/internal/core/mock_structs/user_mock.go:150.96,156.2 5 0
github.com/taucuya/ppo/internal/core/mock_structs/user_mock.go:159.89,162.2 2 0
github.com/taucuya/ppo/internal/core/mock_structs/user_mock.go:165.98,171.2 5 0
github.com/taucuya/ppo/internal/core/mock_structs/user_mock.go:174.91,177.2 2 0
github.com/taucuya/ppo/internal/core/mock_structs/worker_mock.go:27.71,31.2 3 0
github.com/taucuya/ppo/internal/core/mock_structs/worker_mock.go:34.69,36.2 1 0
github.com/taucuya/ppo/internal/core/mock_structs/worker_mock.go:39.81,44.2 4 0
github.com/taucuya/ppo/internal/core/mock_structs/worker_mock.go:47.82,50.2 2 0
github.com/taucuya/ppo/internal/core/mock_structs/worker_mock.go:53.78,58.2 4 0
github.com/taucuya/ppo/internal/core/mock_structs/worker_mock.go:61.83,64.2 2 0
github.com/taucuya/ppo/internal/core/mock_structs/worker_mock.go:67.90,73.2 5 0
github.com/taucuya/ppo/internal/core/mock_structs/worker_mock.go:76.86,79.2 2 0
github.com/taucuya/ppo/internal/core/mock_structs/worker_mock.go:82.97,88.2 5 0
github.com/taucuya/ppo/internal/core/mock_structs/worker_mock.go:91.84,94.2 2 0
github.com/taucuya/ppo/internal/core/mock_structs/worker_mock.go:108.77,112.2 3 0
github.com/taucuya/ppo/internal/core/mock_structs/worker_mock.go:115.75,117.2 1 0
github.com/taucuya/ppo/internal/core/mock_structs/worker_mock.go:120.84,125.2 4 0
github.com/taucuya/ppo/internal/core/mock_structs/worker_mock.go:128.85,131.2 2 0
github.com/taucuya/ppo/internal/core/mock_structs/worker_mock.go:134.81,139.2 4 0
github.com/taucuya/ppo/internal/core/mock_structs/worker_mock.go:142.86,145.2 2 0
github.com/taucuya/ppo/internal/core/mock_structs/worker_mock.go:148.93,154.2 5 0
github.com/taucuya/ppo/internal/core/mock_structs/worker_mock.go:157.89,160.2 2 0
github.com/taucuya/ppo/internal/core/mock_structs/worker_mock.go:163.100,169.2 5 0
github.com/taucuya/ppo/internal/core/mock_structs/worker_mock.go:172.87,175.2 2 0
github.com/taucuya/ppo/internal/core/service/auth/auth.go:39.72,41.2 1 1
github.com/taucuya/ppo/internal/core/service/auth/auth.go:43.69,45.2 1 1
github.com/taucuya/ppo/internal/core/service/auth/auth.go:47.118,49.16 2 1
github.com/taucuya/ppo/internal/core/service/auth/auth.go:49.16,51.3 1 1
github.com/taucuya/ppo/internal/core/service/auth/auth.go:52.2,53.16 2 1
github.com/taucuya/ppo/internal/core/service/auth/auth.go:53.16,55.3 1 1
github.com/taucuya/ppo/internal/core/service/auth/auth.go:56.2,57.16 2 1
github.com/taucuya/ppo/internal/core/service/auth/auth.go:57.16,59.3 1 1
github.com/taucuya/ppo/internal/core/service/auth/auth.go:60.2,60.28 1 1
github.com/taucuya/ppo/internal/core/service/auth/auth.go:64.68,66.16 2 1
github.com/taucuya/ppo/internal/core/service/auth/auth.go:66.16,68.3 1 1
github.com/taucuya/ppo/internal/core/service/auth/auth.go:69.2,70.12 2 1
github.com/taucuya/ppo/internal/core/service/auth/auth.go:73.87,75.16 2 1
github.com/taucuya/ppo/internal/core/service/auth/auth.go:75.16,77.3 1 1
github.com/taucuya/ppo/internal/core/service/auth/auth.go:78.2,78.16 1 1
github.com/taucuya/ppo/internal/core/service/auth/auth.go:81.99,83.16 2 1
github.com/taucuya/ppo/internal/core/service/auth/auth.go:83.16,85.3 1 1
github.com/taucuya/ppo/internal/core/service/auth/auth.go:86.2,86.19 1 1
github.com/taucuya/ppo/internal/core/structs/h.go:13.17,15.2 1 1
github.com/taucuya/ppo/internal/core/mock_structs/auth_mock.go:27.67,31.2 3 0
github.com/taucuya/ppo/internal/core/mock_structs/auth_mock.go:34.65,36.2 1 0
github.com/taucuya/ppo/internal/core/mock_structs/auth_mock.go:39.101,46.2 6 0
github.com/taucuya/ppo/internal/core/mock_structs/auth_mock.go:49.92,52.2 2 0
github.com/taucuya/ppo/internal/core/mock_structs/auth_mock.go:55.76,60.2 4 0
github.com/taucuya/ppo/internal/core/mock_structs/auth_mock.go:63.81,66.2 2 0
github.com/taucuya/ppo/internal/core/mock_structs/auth_mock.go:69.100,75.2 5 0
github.com/taucuya/ppo/internal/core/mock_structs/auth_mock.go:78.99,81.2 2 0
github.com/taucuya/ppo/internal/core/mock_structs/auth_mock.go:84.77,89.2 4 0
github.com/taucuya/ppo/internal/core/mock_structs/auth_mock.go:92.80,95.2 2 0
github.com/taucuya/ppo/internal/core/mock_structs/auth_mock.go:98.94,104.2 5 0
github.com/taucuya/ppo/internal/core/mock_structs/auth_mock.go:107.89,110.2 2 0
github.com/taucuya/ppo/internal/core/mock_structs/auth_mock.go:124.73,128.2 3 0
github.com/taucuya/ppo/internal/core/mock_structs/auth_mock.go:131.71,133.2 1 0
github.com/taucuya/ppo/internal/core/mock_structs/auth_mock.go:136.99,141.2 4 0
github.com/taucuya/ppo/internal/core/mock_structs/auth_mock.go:144.97,147.2 2 0
github.com/taucuya/ppo/internal/core/mock_structs/auth_mock.go:150.84,155.2 4 0
github.com/taucuya/ppo/internal/core/mock_structs/auth_mock.go:158.89,161.2 2 0
github.com/taucuya/ppo/internal/core/mock_structs/auth_mock.go:175.61,179.2 3 0
github.com/taucuya/ppo/internal/core/mock_structs/auth_mock.go:182.59,184.2 1 0
github.com/taucuya/ppo/internal/core/mock_structs/auth_mock.go:187.74,192.2 4 0
github.com/taucuya/ppo/internal/core/mock_structs/auth_mock.go:195.77,198.2 2 0
github.com/taucuya/ppo/internal/core/mock_structs/auth_mock.go:201.90,207.2 5 0
github.com/taucuya/ppo/internal/core/mock_structs/auth_mock.go:210.83,213.2 2 0
github.com/taucuya/ppo/internal/core/mock_structs/auth_mock.go:227.69,231.2 3 0
github.com/taucuya/ppo/internal/core/mock_structs/auth_mock.go:234.67,236.2 1 0
github.com/taucuya/ppo/internal/core/mock_structs/auth_mock.go:239.97,246.2 6 0
github.com/taucuya/ppo/internal/core/mock_structs/auth_mock.go:249.84,252.2 2 0
github.com/taucuya/ppo/internal/core/mock_structs/auth_mock.go:255.101,261.2 5 0
github.com/taucuya/ppo/internal/core/mock_structs/auth_mock.go:264.100,267.2 2 0
github.com/taucuya/ppo/internal/core/mock_structs/auth_mock.go:270.95,276.2 5 0
github.com/taucuya/ppo/internal/core/mock_structs/auth_mock.go:279.90,282.2 2 0
github.com/taucuya/ppo/internal/core/mock_structs/basket_mock.go:27.71,31.2 3 0
github.com/taucuya/ppo/internal/core/mock_structs/basket_mock.go:34.69,36.2 1 0
github.com/taucuya/ppo/internal/core/mock_structs/basket_mock.go:39.86,44.2 4 0
github.com/taucuya/ppo/internal/core/mock_structs/basket_mock.go:47.83,50.2 2 0
github.com/taucuya/ppo/internal/core/mock_structs/basket_mock.go:53.81,58.2 4 0
github.com/taucuya/ppo/internal/core/mock_structs/basket_mock.go:61.82,64.2 2 0
github.com/taucuya/ppo/internal/core/mock_structs/basket_mock.go:67.82,72.2 4 0
github.com/taucuya/ppo/internal/core/mock_structs/basket_mock.go:75.87,78.2 2 0
github.com/taucuya/ppo/internal/core/mock_structs/basket_mock.go:81.97,87.2 5 0
github.com/taucuya/ppo/internal/core/mock_structs/basket_mock.go:90.84,93.2 2 0
github.com/taucuya/ppo/internal/core/mock_structs/basket_mock.go:96.111,102.2 5 0
github.com/taucuya/ppo/internal/core/mock_structs/basket_mock.go:105.92,108.2 2 0
github.com/taucuya/ppo/internal/core/mock_structs/basket_mock.go:111.100,116.2 4 0
github.com/taucuya/ppo/internal/core/mock_structs/basket_mock.go:119.101,122.2 2 0
github.com/taucuya/ppo/internal/core/mock_structs/basket_mock.go:136.77,140.2 3 1
github.com/taucuya/ppo/internal/core/mock_structs/basket_mock.go:143.75,145.2 1 1
github.com/taucuya/ppo/internal/core/mock_structs/basket_mock.go:148.89,153.2 4 1
github.com/taucuya/ppo/internal/core/mock_structs/basket_mock.go:156.86,159.2 2 1
github.com/taucuya/ppo/internal/core/mock_structs/basket_mock.go:162.84,167.2 4 1
github.com/taucuya/ppo/internal/core/mock_structs/basket_mock.go:170.85,173.2 2 1
github.com/taucuya/ppo/internal/core/mock_structs/basket_mock.go:176.85,181.2 4 1
github.com/taucuya/ppo/internal/core/mock_structs/basket_mock.go:184.90,187.2 2 1
github.com/taucuya/ppo/internal/core/mock_structs/basket_mock.go:190.100,196.2 5 1
github.com/taucuya/ppo/internal/core/mock_structs/basket_mock.go:199.87,202.2 2 1
github.com/taucuya/ppo/internal/core/mock_structs/basket_mock.go:205.114,211.2 5 1
github.com/taucuya/ppo/internal/core/mock_structs/basket_mock.go:214.95,217.2 2 1
github.com/taucuya/ppo/internal/core/mock_structs/basket_mock.go:220.103,225.2 4 1
github.com/taucuya/ppo/internal/core/mock_structs/basket_mock.go:228.104,231.2 2 1
github.com/taucuya/ppo/internal/core/mock_structs/brand_mock.go:27.69,31.2 3 0
github.com/taucuya/ppo/internal/core/mock_structs/brand_mock.go:34.67,36.2 1 0
github.com/taucuya/ppo/internal/core/mock_structs/brand_mock.go:39.79,44.2 4 0
github.com/taucuya/ppo/internal/core/mock_structs/brand_mock.go:47.81,50.2 2 0
github.com/taucuya/ppo/internal/core/mock_structs/brand_mock.go:53.77,58.2 4 0
github.com/taucuya/ppo/internal/core/mock_structs/brand_mock.go:61.82,64.2 2 0
github.com/taucuya/ppo/internal/core/mock_structs/brand_mock.go:67.87,73.2 5 0
github.com/taucuya/ppo/internal/core/mock_structs/brand_mock.go:76.84,79.2 2 0
github.com/taucuya/ppo/internal/core/mock_structs/brand_mock.go:82.95,88.2 5 0
github.com/taucuya/ppo/internal/core/mock_structs/brand_mock.go:91.83,94.2 2 0
github.com/taucuya/ppo/internal/core/mock_structs/brand_mock.go:108.75,112.2 3 0
github.com/taucuya/ppo/internal/core/mock_structs/brand_mock.go:115.73,117.2 1 0
github.com/taucuya/ppo/internal/core/mock_structs/brand_mock.go:120.82,125.2 4 0
github.com/taucuya/ppo/internal/core/mock_structs/brand_mock.go:128.84,131.2 2 0
github.com/taucuya/ppo/internal/core/mock_structs/brand_mock.go:134.80,139.2 4 0
github.com/taucuya/ppo/internal/core/mock_structs/brand_mock.go:142.85,145.2 2 0
github.com/taucuya/ppo/internal/core/mock_structs/brand_mock.go:148.90,154.2 5 0
github.com/taucuya/ppo/internal/core/mock_structs/brand_mock.go:157.87,160.2 2 0
github.com/taucuya/ppo/internal/core/mock_structs/brand_mock.go:163.98,169.2 5 0
github.com/taucuya/ppo/internal/core/mock_structs/brand_mock.go:172.86,175.2 2 0
github.com/taucuya/ppo/internal/core/mock_structs/order_mock.go:27.69,31.2 3 0
github.com/taucuya/ppo/internal/core/mock_structs/order_mock.go:34.67,36.2 1 0
github.com/taucuya/ppo/internal/core/mock_structs/order_mock.go:39.88,44.2 4 0
github.com/taucuya/ppo/internal/core/mock_structs/order_mock.go:47.93,50.2 2 0
github.com/taucuya/ppo/internal/core/mock_structs/order_mock.go:53.79,58.2 4 0
github.com/taucuya/ppo/internal/core/mock_structs/order_mock.go:61.81,64.2 2 0
github.com/taucuya/ppo/internal/core/mock_structs/order_mock.go:67.77,72.2 4 0
github.com/taucuya/ppo/internal/core/mock_structs/order_mock.go:75.82,78.2 2 0
github.com/taucuya/ppo/internal/core/mock_structs/order_mock.go:81.95,87.2 5 0
github.com/taucuya/ppo/internal/core/mock_structs/order_mock.go:90.83,93.2 2 0
github.com/taucuya/ppo/internal/core/mock_structs/order_mock.go:96.103,102.2 5 0
github.com/taucuya/ppo/internal/core/mock_structs/order_mock.go:105.84,108.2 2 0
github.com/taucuya/ppo/internal/core/mock_structs/order_mock.go:111.90,117.2 5 0
github.com/taucuya/ppo/internal/core/mock_structs/order_mock.go:120.85,123.2 2 0
github.com/taucuya/ppo/internal/core/mock_structs/order_mock.go:137.75,141.2 3 0
github.com/taucuya/ppo/internal/core/mock_structs/order_mock.go:144.73,146.2 1 0
github.com/taucuya/ppo/internal/core/mock_structs/order_mock.go:149.82,154.2 4 0
github.com/taucuya/ppo/internal/core/mock_structs/order_mock.go:157.84,160.2 2 0
github.com/taucuya/ppo/internal/core/mock_structs/order_mock.go:163.80,168.2 4 0
github.com/taucuya/ppo/internal/core/mock_structs/order_mock.go:171.85,174.2 2 0
github.com/taucuya/ppo/internal/core/mock_structs/order_mock.go:177.98,183.2 5 0
github.com/taucuya/ppo/internal/core/mock_structs/order_mock.go:186.86,189.2 2 0
github.com/taucuya/ppo/internal/core/mock_structs/order_mock.go:192.106,198.2 5 0
github.com/taucuya/ppo/internal/core/mock_structs/order_mock.go:201.87,204.2 2 0
github.com/taucuya/ppo/internal/core/mock_structs/order_mock.go:207.93,213.2 5 0
github.com/taucuya/ppo/internal/core/mock_structs/order_mock.go:216.88,219.2 2 0
github.com/taucuya/ppo/internal/core/mock_structs/order_mock.go:222.101,227.2 4 0
github.com/taucuya/ppo/internal/core/mock_structs/order_mock.go:230.99,233.2 2 0
github.com/taucuya/ppo/internal/core/mock_structs/product_mock.go:27.73,31.2 3 0
github.com/taucuya/ppo/internal/core/mock_structs/product_mock.go:34.71,36.2 1 0
github.com/taucuya/ppo/internal/core/mock_structs/product_mock.go:39.83,44.2 4 0
github.com/taucuya/ppo/internal/core/mock_structs/product_mock.go:47.83,50.2 2 0
github.com/taucuya/ppo/internal/core/mock_structs/product_mock.go:53.79,58.2 4 0
github.com/taucuya/ppo/internal/core/mock_structs/product_mock.go:61.84,64.2 2 0
github.com/taucuya/ppo/internal/core/mock_structs/product_mock.go:67.99,73.2 5 0
github.com/taucuya/ppo/internal/core/mock_structs/product_mock.go:76.85,79.2 2 0
github.com/taucuya/ppo/internal/core/mock_structs/product_mock.go:93.79,97.2 3 0
github.com/taucuya/ppo/internal/core/mock_structs/product_mock.go:100.77,102.2 1 0
github.com/taucuya/ppo/internal/core/mock_structs/product_mock.go:105.86,110.2 4 0
github.com/taucuya/ppo/internal/core/mock_structs/product_mock.go:113.86,116.2 2 0
github.com/taucuya/ppo/internal/core/mock_structs/product_mock.go:119.82,124.2 4 0
github.com/taucuya/ppo/internal/core/mock_structs/product_mock.go:127.87,130.2 2 0
github.com/taucuya/ppo/internal/core/mock_structs/product_mock.go:133.102,139.2 5 0
github.com/taucuya/ppo/internal/core/mock_structs/product_mock.go:142.88,145.2 2 0
github.com/taucuya/ppo/internal/core/mock_structs/review_mock.go:27.71,31.2 3 0
github.com/taucuya/ppo/internal/core/mock_structs/review_mock.go:34.69,36.2 1 0
github.com/taucuya/ppo/internal/core/mock_structs/review_mock.go:39.81,44.2 4 0
github.com/taucuya/ppo/internal/core/mock_structs/review_mock.go:47.82,50.2 2 0
github.com/taucuya/ppo/internal/core/mock_structs/review_mock.go:53.78,58.2 4 0
github.com/taucuya/ppo/internal/core/mock_structs/review_mock.go:61.83,64.2 2 0
github.com/taucuya/ppo/internal/core/mock_structs/review_mock.go:67.97,73.2 5 0
github.com/taucuya/ppo/internal/core/mock_structs/review_mock.go:76.84,79.2 2 0
github.com/taucuya/ppo/internal/core/mock_structs/review_mock.go:82.117,88.2 5 0
github.com/taucuya/ppo/internal/core/mock_structs/review_mock.go:91.102,94.2 2 0
github.com/taucuya/ppo/internal/core/mock_structs/review_mock.go:108.77,112.2 3 0
github.com/taucuya/ppo/internal/core/mock_structs/review_mock.go:115.75,117.2 1 0
github.com/taucuya/ppo/internal/core/mock_structs/review_mock.go:120.84,125.2 4 0
github.com/taucuya/ppo/internal/core/mock_structs/review_mock.go:128.85,131.2 2 0
github.com/taucuya/ppo/internal/core/mock_structs/review_mock.go:134.81,139.2 4 0
github.com/taucuya/ppo/internal/core/mock_structs/review_mock.go:142.86,145.2 2 0
github.com/taucuya/ppo/internal/core/mock_structs/review_mock.go:148.100,154.2 5 0
github.com/taucuya/ppo/internal/core/mock_structs/review_mock.go:157.87,160.2 2 0
github.com/taucuya/ppo/internal/core/mock_structs/review_mock.go:163.120,169.2 5 0
github.com/taucuya/ppo/internal/core/mock_structs/review_mock.go:172.105,175.2 2 0
github.com/taucuya/ppo/internal/core/mock_structs/user_mock.go:27.67,31.2 3 0
github.com/taucuya/ppo/internal/core/mock_structs/user_mock.go:34.65,36.2 1 0
github.com/taucuya/ppo/internal/core/mock_structs/user_mock.go:39.77,44.2 4 0
github.com/taucuya/ppo/internal/core/mock_structs/user_mock.go:47.80,50.2 2 0
github.com/taucuya/ppo/internal/core/mock_structs/user_mock.go:53.93,59.2 5 0
github.com/taucuya/ppo/internal/core/mock_structs/user_mock.go:62.82,65.2 2 0
github.com/taucuya/ppo/internal/core/mock_structs/user_mock.go:68.93,74.2 5 0
github.com/taucuya/ppo/internal/core/mock_structs/user_mock.go:77.86,80.2 2 0
github.com/taucuya/ppo/internal/core/mock_structs/user_mock.go:83.95,89.2 5 0
github.com/taucuya/ppo/internal/core/mock_structs/user_mock.go:92.88,95.2 2 0
github.com/taucuya/ppo/internal/core/mock_structs/user_mock.go:109.73,113.2 3 0
github.com/taucuya/ppo/internal/core/mock_structs/user_mock.go:116.71,118.2 1 0
github.com/taucuya/ppo/internal/core/mock_structs/user_mock.go:121.80,126.2 4 0
github.com/taucuya/ppo/internal/core/mock_structs/user_mock.go:129.83,132.2 2 0
github.com/taucuya/ppo/internal/core/mock_structs/user_mock.go:135.96,141.2 5 0
github.com/taucuya/ppo/internal/core/mock_structs/user_mock.go:144.85,147.2 2 0
github.com/taucuya/ppo/internal/core/mock_structs/user_mock.go:150.96,156.2 5 0
github.com/taucuya/ppo/internal/core/mock_structs/user_mock.go:159.89,162.2 2 0
github.com/taucuya/ppo/internal/core/mock_structs/user_mock.go:165.98,171.2 5 0
github.com/taucuya/ppo/internal/core/mock_structs/user_mock.go:174.91,177.2 2 0
github.com/taucuya/ppo/internal/core/mock_structs/worker_mock.go:27.71,31.2 3 0
github.com/taucuya/ppo/internal/core/mock_structs/worker_mock.go:34.69,36.2 1 0
github.com/taucuya/ppo/internal/core/mock_structs/worker_mock.go:39.81,44.2 4 0
github.com/taucuya/ppo/internal/core/mock_structs/worker_mock.go:47.82,50.2 2 0
github.com/taucuya/ppo/internal/core/mock_structs/worker_mock.go:53.78,58.2 4 0
github.com/taucuya/ppo/internal/core/mock_structs/worker_mock.go:61.83,64.2 2 0
github.com/taucuya/ppo/internal/core/mock_structs/worker_mock.go:67.90,73.2 5 0
github.com/taucuya/ppo/internal/core/mock_structs/worker_mock.go:76.86,79.2 2 0
github.com/taucuya/ppo/internal/core/mock_structs/worker_mock.go:82.97,88.2 5 0
github.com/taucuya/ppo/internal/core/mock_structs/worker_mock.go:91.84,94.2 2 0
github.com/taucuya/ppo/internal/core/mock_structs/worker_mock.go:108.77,112.2 3 0
github.com/taucuya/ppo/internal/core/mock_structs/worker_mock.go:115.75,117.2 1 0
github.com/taucuya/ppo/internal/core/mock_structs/worker_mock.go:120.84,125.2 4 0
github.com/taucuya/ppo/internal/core/mock_structs/worker_mock.go:128.85,131.2 2 0
github.com/taucuya/ppo/internal/core/mock_structs/worker_mock.go:134.81,139.2 4 0
github.com/taucuya/ppo/internal/core/mock_structs/worker_mock.go:142.86,145.2 2 0
github.com/taucuya/ppo/internal/core/mock_structs/worker_mock.go:148.93,154.2 5 0
github.com/taucuya/ppo/internal/core/mock_structs/worker_mock.go:157.89,160.2 2 0
github.com/taucuya/ppo/internal/core/mock_structs/worker_mock.go:163.100,169.2 5 0
github.com/taucuya/ppo/internal/core/mock_structs/worker_mock.go:172.87,175.2 2 0
github.com/taucuya/ppo/internal/core/service/basket/basket.go:31.41,33.2 1 1
github.com/taucuya/ppo/internal/core/service/basket/basket.go:35.71,39.2 2 1
github.com/taucuya/ppo/internal/core/service/basket/basket.go:41.87,43.16 2 1
github.com/taucuya/ppo/internal/core/service/basket/basket.go:43.16,45.3 1 1
github.com/taucuya/ppo/internal/core/service/basket/basket.go:46.2,46.15 1 1
github.com/taucuya/ppo/internal/core/service/basket/basket.go:49.101,51.16 2 1
github.com/taucuya/ppo/internal/core/service/basket/basket.go:51.16,53.3 1 1
github.com/taucuya/ppo/internal/core/service/basket/basket.go:54.2,54.17 1 1
github.com/taucuya/ppo/internal/core/service/basket/basket.go:57.76,61.2 2 1
github.com/taucuya/ppo/internal/core/service/basket/basket.go:63.72,66.2 2 1
github.com/taucuya/ppo/internal/core/service/basket/basket.go:68.90,71.2 2 1
github.com/taucuya/ppo/internal/core/structs/h.go:13.17,15.2 1 1
github.com/taucuya/ppo/internal/core/mock_structs/auth_mock.go:27.67,31.2 3 0
github.com/taucuya/ppo/internal/core/mock_structs/auth_mock.go:34.65,36.2 1 0
github.com/taucuya/ppo/internal/core/mock_structs/auth_mock.go:39.101,46.2 6 0
github.com/taucuya/ppo/internal/core/mock_structs/auth_mock.go:49.92,52.2 2 0
github.com/taucuya/ppo/internal/core/mock_structs/auth_mock.go:55.76,60.2 4 0
github.com/taucuya/ppo/internal/core/mock_structs/auth_mock.go:63.81,66.2 2 0
github.com/taucuya/ppo/internal/core/mock_structs/auth_mock.go:69.100,75.2 5 0
github.com/taucuya/ppo/internal/core/mock_structs/auth_mock.go:78.99,81.2 2 0
github.com/taucuya/ppo/internal/core/mock_structs/auth_mock.go:84.77,89.2 4 0
github.com/taucuya/ppo/internal/core/mock_structs/auth_mock.go:92.80,95.2 2 0
github.com/taucuya/ppo/internal/core/mock_structs/auth_mock.go:98.94,104.2 5 0
github.com/taucuya/ppo/internal/core/mock_structs/auth_mock.go:107.89,110.2 2 0
github.com/taucuya/ppo/internal/core/mock_structs/auth_mock.go:124.73,128.2 3 0
github.com/taucuya/ppo/internal/core/mock_structs/auth_mock.go:131.71,133.2 1 0
github.com/taucuya/ppo/internal/core/mock_structs/auth_mock.go:136.99,141.2 4 0
github.com/taucuya/ppo/internal/core/mock_structs/auth_mock.go:144.97,147.2 2 0
github.com/taucuya/ppo/internal/core/mock_structs/auth_mock.go:150.84,155.2 4 0
github.com/taucuya/ppo/internal/core/mock_structs/auth_mock.go:158.89,161.2 2 0
github.com/taucuya/ppo/internal/core/mock_structs/auth_mock.go:175.61,179.2 3 0
github.com/taucuya/ppo/internal/core/mock_structs/auth_mock.go:182.59,184.2 1 0
github.com/taucuya/ppo/internal/core/mock_structs/auth_mock.go:187.74,192.2 4 0
github.com/taucuya/ppo/internal/core/mock_structs/auth_mock.go:195.77,198.2 2 0
github.com/taucuya/ppo/internal/core/mock_structs/auth_mock.go:201.90,207.2 5 0
github.com/taucuya/ppo/internal/core/mock_structs/auth_mock.go:210.83,213.2 2 0
github.com/taucuya/ppo/internal/core/mock_structs/auth_mock.go:227.69,231.2 3 0
github.com/taucuya/ppo/internal/core/mock_structs/auth_mock.go:234.67,236.2 1 0
github.com/taucuya/ppo/internal/core/mock_structs/auth_mock.go:239.97,246.2 6 0
github.com/taucuya/ppo/internal/core/mock_structs/auth_mock.go:249.84,252.2 2 0
github.com/taucuya/ppo/internal/core/mock_structs/auth_mock.go:255.101,261.2 5 0
github.com/taucuya/ppo/internal/core/mock_structs/auth_mock.go:264.100,267.2 2 0
github.com/taucuya/ppo/internal/core/mock_structs/auth_mock.go:270.95,276.2 5 0
github.com/taucuya/ppo/internal/core/mock_structs/auth_mock.go:279.90,282.2 2 0
github.com/taucuya/ppo/internal/core/mock_structs/basket_mock.go:27.71,31.2 3 0
github.com/taucuya/ppo/internal/core/mock_structs/basket_mock.go:34.69,36.2 1 0
github.com/taucuya/ppo/internal/core/mock_structs/basket_mock.go:39.86,44.2 4 0
github.com/taucuya/ppo/internal/core/mock_structs/basket_mock.go:47.83,50.2 2 0
github.com/taucuya/ppo/internal/core/mock_structs/basket_mock.go:53.81,58.2 4 0
github.com/taucuya/ppo/internal/core/mock_structs/basket_mock.go:61.82,64.2 2 0
github.com/taucuya/ppo/internal/core/mock_structs/basket_mock.go:67.82,72.2 4 0
github.com/taucuya/ppo/internal/core/mock_structs/basket_mock.go:75.87,78.2 2 0
github.com/taucuya/ppo/internal/core/mock_structs/basket_mock.go:81.97,87.2 5 0
github.com/taucuya/ppo/internal/core/mock_structs/basket_mock.go:90.84,93.2 2 0
github.com/taucuya/ppo/internal/core/mock_structs/basket_mock.go:96.111,102.2 5 0
github.com/taucuya/ppo/internal/core/mock_structs/basket_mock.go:105.92,108.2 2 0
github.com/taucuya/ppo/internal/core/mock_structs/basket_mock.go:111.100,116.2 4 0
github.com/taucuya/ppo/internal/core/mock_structs/basket_mock.go:119.101,122.2 2 0
github.com/taucuya/ppo/internal/core/mock_structs/basket_mock.go:136.77,140.2 3 0
github.com/taucuya/ppo/internal/core/mock_structs/basket_mock.go:143.75,145.2 1 0
github.com/taucuya/ppo/internal/core/mock_structs/basket_mock.go:148.89,153.2 4 0
github.com/taucuya/ppo/internal/core/mock_structs/basket_mock.go:156.86,159.2 2 0
github.com/taucuya/ppo/internal/core/mock_structs/basket_mock.go:162.84,167.2 4 0
github.com/taucuya/ppo/internal/core/mock_structs/basket_mock.go:170.85,173.2 2 0
github.com/taucuya/ppo/internal/core/mock_structs/basket_mock.go:176.85,181.2 4 0
github.com/taucuya/ppo/internal/core/mock_structs/basket_mock.go:184.90,187.2 2 0
github.com/taucuya/ppo/internal/core/mock_structs/basket_mock.go:190.100,196.2 5 0
github.com/taucuya/ppo/internal/core/mock_structs/basket_mock.go:199.87,202.2 2 0
github.com/taucuya/ppo/internal/core/mock_structs/basket_mock.go:205.114,211.2 5 0
github.com/taucuya/ppo/internal/core/mock_structs/basket_mock.go:214.95,217.2 2 0
github.com/taucuya/ppo/internal/core/mock_structs/basket_mock.go:220.103,225.2 4 0
github.com/taucuya/ppo/internal/core/mock_structs/basket_mock.go:228.104,231.2 2 0
github.com/taucuya/ppo/internal/core/mock_structs/brand_mock.go:27.69,31.2 3 0
github.com/taucuya/ppo/internal/core/mock_structs/brand_mock.go:34.67,36.2 1 0
github.com/taucuya/ppo/internal/core/mock_structs/brand_mock.go:39.79,44.2 4 0
github.com/taucuya/ppo/internal/core/mock_structs/brand_mock.go:47.81,50.2 2 0
github.com/taucuya/ppo/internal/core/mock_structs/brand_mock.go:53.77,58.2 4 0
github.com/taucuya/ppo/internal/core/mock_structs/brand_mock.go:61.82,64.2 2 0
github.com/taucuya/ppo/internal/core/mock_structs/brand_mock.go:67.87,73.2 5 0
github.com/taucuya/ppo/internal/core/mock_structs/brand_mock.go:76.84,79.2 2 0
github.com/taucuya/ppo/internal/core/mock_structs/brand_mock.go:82.95,88.2 5 0
github.com/taucuya/ppo/internal/core/mock_structs/brand_mock.go:91.83,94.2 2 0
github.com/taucuya/ppo/internal/core/mock_structs/brand_mock.go:108.75,112.2 3 1
github.com/taucuya/ppo/internal/core/mock_structs/brand_mock.go:115.73,117.2 1 1
github.com/taucuya/ppo/internal/core/mock_structs/brand_mock.go:120.82,125.2 4 1
github.com/taucuya/ppo/internal/core/mock_structs/brand_mock.go:128.84,131.2 2 1
github.com/taucuya/ppo/internal/core/mock_structs/brand_mock.go:134.80,139.2 4 1
github.com/taucuya/ppo/internal/core/mock_structs/brand_mock.go:142.85,145.2 2 1
github.com/taucuya/ppo/internal/core/mock_structs/brand_mock.go:148.90,154.2 5 1
github.com/taucuya/ppo/internal/core/mock_structs/brand_mock.go:157.87,160.2 2 1
github.com/taucuya/ppo/internal/core/mock_structs/brand_mock.go:163.98,169.2 5 1
github.com/taucuya/ppo/internal/core/mock_structs/brand_mock.go:172.86,175.2 2 1
github.com/taucuya/ppo/internal/core/mock_structs/order_mock.go:27.69,31.2 3 0
github.com/taucuya/ppo/internal/core/mock_structs/order_mock.go:34.67,36.2 1 0
github.com/taucuya/ppo/internal/core/mock_structs/order_mock.go:39.88,44.2 4 0
github.com/taucuya/ppo/internal/core/mock_structs/order_mock.go:47.93,50.2 2 0
github.com/taucuya/ppo/internal/core/mock_structs/order_mock.go:53.79,58.2 4 0
github.com/taucuya/ppo/internal/core/mock_structs/order_mock.go:61.81,64.2 2 0
github.com/taucuya/ppo/internal/core/mock_structs/order_mock.go:67.77,72.2 4 0
github.com/taucuya/ppo/internal/core/mock_structs/order_mock.go:75.82,78.2 2 0
github.com/taucuya/ppo/internal/core/mock_structs/order_mock.go:81.95,87.2 5 0
github.com/taucuya/ppo/internal/core/mock_structs/order_mock.go:90.83,93.2 2 0
github.com/taucuya/ppo/internal/core/mock_structs/order_mock.go:96.103,102.2 5 0
github.com/taucuya/ppo/internal/core/mock_structs/order_mock.go:105.84,108.2 2 0
github.com/taucuya/ppo/internal/core/mock_structs/order_mock.go:111.90,117.2 5 0
github.com/taucuya/ppo/internal/core/mock_structs/order_mock.go:120.85,123.2 2 0
github.com/taucuya/ppo/internal/core/mock_structs/order_mock.go:137.75,141.2 3 0
github.com/taucuya/ppo/internal/core/mock_structs/order_mock.go:144.73,146.2 1 0
github.com/taucuya/ppo/internal/core/mock_structs/order_mock.go:149.82,154.2 4 0
github.com/taucuya/ppo/internal/core/mock_structs/order_mock.go:157.84,160.2 2 0
github.com/taucuya/ppo/internal/core/mock_structs/order_mock.go:163.80,168.2 4 0
github.com/taucuya/ppo/internal/core/mock_structs/order_mock.go:171.85,174.2 2 0
github.com/taucuya/ppo/internal/core/mock_structs/order_mock.go:177.98,183.2 5 0
github.com/taucuya/ppo/internal/core/mock_structs/order_mock.go:186.86,189.2 2 0
github.com/taucuya/ppo/internal/core/mock_structs/order_mock.go:192.106,198.2 5 0
github.com/taucuya/ppo/internal/core/mock_structs/order_mock.go:201.87,204.2 2 0
github.com/taucuya/ppo/internal/core/mock_structs/order_mock.go:207.93,213.2 5 0
github.com/taucuya/ppo/internal/core/mock_structs/order_mock.go:216.88,219.2 2 0
github.com/taucuya/ppo/internal/core/mock_structs/order_mock.go:222.101,227.2 4 0
github.com/taucuya/ppo/internal/core/mock_structs/order_mock.go:230.99,233.2 2 0
github.com/taucuya/ppo/internal/core/mock_structs/product_mock.go:27.73,31.2 3 0
github.com/taucuya/ppo/internal/core/mock_structs/product_mock.go:34.71,36.2 1 0
github.com/taucuya/ppo/internal/core/mock_structs/product_mock.go:39.83,44.2 4 0
github.com/taucuya/ppo/internal/core/mock_structs/product_mock.go:47.83,50.2 2 0
github.com/taucuya/ppo/internal/core/mock_structs/product_mock.go:53.79,58.2 4 0
github.com/taucuya/ppo/internal/core/mock_structs/product_mock.go:61.84,64.2 2 0
github.com/taucuya/ppo/internal/core/mock_structs/product_mock.go:67.99,73.2 5 0
github.com/taucuya/ppo/internal/core/mock_structs/product_mock.go:76.85,79.2 2 0
github.com/taucuya/ppo/internal/core/mock_structs/product_mock.go:93.79,97.2 3 0
github.com/taucuya/ppo/internal/core/mock_structs/product_mock.go:100.77,102.2 1 0
github.com/taucuya/ppo/internal/core/mock_structs/product_mock.go:105.86,110.2 4 0
github.com/taucuya/ppo/internal/core/mock_structs/product_mock.go:113.86,116.2 2 0
github.com/taucuya/ppo/internal/core/mock_structs/product_mock.go:119.82,124.2 4 0
github.com/taucuya/ppo/internal/core/mock_structs/product_mock.go:127.87,130.2 2 0
github.com/taucuya/ppo/internal/core/mock_structs/product_mock.go:133.102,139.2 5 0
github.com/taucuya/ppo/internal/core/mock_structs/product_mock.go:142.88,145.2 2 0
github.com/taucuya/ppo/internal/core/mock_structs/review_mock.go:27.71,31.2 3 0
github.com/taucuya/ppo/internal/core/mock_structs/review_mock.go:34.69,36.2 1 0
github.com/taucuya/ppo/internal/core/mock_structs/review_mock.go:39.81,44.2 4 0
github.com/taucuya/ppo/internal/core/mock_structs/review_mock.go:47.82,50.2 2 0
github.com/taucuya/ppo/internal/core/mock_structs/review_mock.go:53.78,58.2 4 0
github.com/taucuya/ppo/internal/core/mock_structs/review_mock.go:61.83,64.2 2 0
github.com/taucuya/ppo/internal/core/mock_structs/review_mock.go:67.97,73.2 5 0
github.com/taucuya/ppo/internal/core/mock_structs/review_mock.go:76.84,79.2 2 0
github.com/taucuya/ppo/internal/core/mock_structs/review_mock.go:82.117,88.2 5 0
github.com/taucuya/ppo/internal/core/mock_structs/review_mock.go:91.102,94.2 2 0
github.com/taucuya/ppo/internal/core/mock_structs/review_mock.go:108.77,112.2 3 0
github.com/taucuya/ppo/internal/core/mock_structs/review_mock.go:115.75,117.2 1 0
github.com/taucuya/ppo/internal/core/mock_structs/review_mock.go:120.84,125.2 4 0
github.com/taucuya/ppo/internal/core/mock_structs/review_mock.go:128.85,131.2 2 0
github.com/taucuya/ppo/internal/core/mock_structs/review_mock.go:134.81,139.2 4 0
github.com/taucuya/ppo/internal/core/mock_structs/review_mock.go:142.86,145.2 2 0
github.com/taucuya/ppo/internal/core/mock_structs/review_mock.go:148.100,154.2 5 0
github.com/taucuya/ppo/internal/core/mock_structs/review_mock.go:157.87,160.2 2 0
github.com/taucuya/ppo/internal/core/mock_structs/review_mock.go:163.120,169.2 5 0
github.com/taucuya/ppo/internal/core/mock_structs/review_mock.go:172.105,175.2 2 0
github.com/taucuya/ppo/internal/core/mock_structs/user_mock.go:27.67,31.2 3 0
github.com/taucuya/ppo/internal/core/mock_structs/user_mock.go:34.65,36.2 1 0
github.com/taucuya/ppo/internal/core/mock_structs/user_mock.go:39.77,44.2 4 0
github.com/taucuya/ppo/internal/core/mock_structs/user_mock.go:47.80,50.2 2 0
github.com/taucuya/ppo/internal/core/mock_structs/user_mock.go:53.93,59.2 5 0
github.com/taucuya/ppo/internal/core/mock_structs/user_mock.go:62.82,65.2 2 0
github.com/taucuya/ppo/internal/core/mock_structs/user_mock.go:68.93,74.2 5 0
github.com/taucuya/ppo/internal/core/mock_structs/user_mock.go:77.86,80.2 2 0
github.com/taucuya/ppo/internal/core/mock_structs/user_mock.go:83.95,89.2 5 0
github.com/taucuya/ppo/internal/core/mock_structs/user_mock.go:92.88,95.2 2 0
github.com/taucuya/ppo/internal/core/mock_structs/user_mock.go:109.73,113.2 3 0
github.com/taucuya/ppo/internal/core/mock_structs/user_mock.go:116.71,118.2 1 0
github.com/taucuya/ppo/internal/core/mock_structs/user_mock.go:121.80,126.2 4 0
github.com/taucuya/ppo/internal/core/mock_structs/user_mock.go:129.83,132.2 2 0
github.com/taucuya/ppo/internal/core/mock_structs/user_mock.go:135.96,141.2 5 0
github.com/taucuya/ppo/internal/core/mock_structs/user_mock.go:144.85,147.2 2 0
github.com/taucuya/ppo/internal/core/mock_structs/user_mock.go:150.96,156.2 5 0
github.com/taucuya/ppo/internal/core/mock_structs/user_mock.go:159.89,162.2 2 0
github.com/taucuya/ppo/internal/core/mock_structs/user_mock.go:165.98,171.2 5 0
github.com/taucuya/ppo/internal/core/mock_structs/user_mock.go:174.91,177.2 2 0
github.com/taucuya/ppo/internal/core/mock_structs/worker_mock.go:27.71,31.2 3 0
github.com/taucuya/ppo/internal/core/mock_structs/worker_mock.go:34.69,36.2 1 0
github.com/taucuya/ppo/internal/core/mock_structs/worker_mock.go:39.81,44.2 4 0
github.com/taucuya/ppo/internal/core/mock_structs/worker_mock.go:47.82,50.2 2 0
github.com/taucuya/ppo/internal/core/mock_structs/worker_mock.go:53.78,58.2 4 0
github.com/taucuya/ppo/internal/core/mock_structs/worker_mock.go:61.83,64.2 2 0
github.com/taucuya/ppo/internal/core/mock_structs/worker_mock.go:67.90,73.2 5 0
github.com/taucuya/ppo/internal/core/mock_structs/worker_mock.go:76.86,79.2 2 0
github.com/taucuya/ppo/internal/core/mock_structs/worker_mock.go:82.97,88.2 5 0
github.com/taucuya/ppo/internal/core/mock_structs/worker_mock.go:91.84,94.2 2 0
github.com/taucuya/ppo/internal/core/mock_structs/worker_mock.go:108.77,112.2 3 0
github.com/taucuya/ppo/internal/core/mock_structs/worker_mock.go:115.75,117.2 1 0
github.com/taucuya/ppo/internal/core/mock_structs/worker_mock.go:120.84,125.2 4 0
github.com/taucuya/ppo/internal/core/mock_structs/worker_mock.go:128.85,131.2 2 0
github.com/taucuya/ppo/internal/core/mock_structs/worker_mock.go:134.81,139.2 4 0
github.com/taucuya/ppo/internal/core/mock_structs/worker_mock.go:142.86,145.2 2 0
github.com/taucuya/ppo/internal/core/mock_structs/worker_mock.go:148.93,154.2 5 0
github.com/taucuya/ppo/internal/core/mock_structs/worker_mock.go:157.89,160.2 2 0
github.com/taucuya/ppo/internal/core/mock_structs/worker_mock.go:163.100,169.2 5 0
github.com/taucuya/ppo/internal/core/mock_structs/worker_mock.go:172.87,175.2 2 0
github.com/taucuya/ppo/internal/core/service/brand/brand.go:27.40,29.2 1 1
github.com/taucuya/ppo/internal/core/service/brand/brand.go:31.70,34.2 2 1
github.com/taucuya/ppo/internal/core/service/brand/brand.go:36.86,38.16 2 1
github.com/taucuya/ppo/internal/core/service/brand/brand.go:38.16,40.3 1 1
github.com/taucuya/ppo/internal/core/service/brand/brand.go:41.2,41.15 1 1
github.com/taucuya/ppo/internal/core/service/brand/brand.go:44.68,47.2 2 1
github.com/taucuya/ppo/internal/core/service/brand/brand.go:49.78,51.16 2 1
github.com/taucuya/ppo/internal/core/service/brand/brand.go:51.16,53.3 1 1
github.com/taucuya/ppo/internal/core/service/brand/brand.go:54.2,54.17 1 1
github.com/taucuya/ppo/internal/core/structs/h.go:13.17,15.2 1 1
github.com/taucuya/ppo/internal/core/mock_structs/auth_mock.go:27.67,31.2 3 0
github.com/taucuya/ppo/internal/core/mock_structs/auth_mock.go:34.65,36.2 1 0
github.com/taucuya/ppo/internal/core/mock_structs/auth_mock.go:39.101,46.2 6 0
github.com/taucuya/ppo/internal/core/mock_structs/auth_mock.go:49.92,52.2 2 0
github.com/taucuya/ppo/internal/core/mock_structs/auth_mock.go:55.76,60.2 4 0
github.com/taucuya/ppo/internal/core/mock_structs/auth_mock.go:63.81,66.2 2 0
github.com/taucuya/ppo/internal/core/mock_structs/auth_mock.go:69.100,75.2 5 0
github.com/taucuya/ppo/internal/core/mock_structs/auth_mock.go:78.99,81.2 2 0
github.com/taucuya/ppo/internal/core/mock_structs/auth_mock.go:84.77,89.2 4 0
github.com/taucuya/ppo/internal/core/mock_structs/auth_mock.go:92.80,95.2 2 0
github.com/taucuya/ppo/internal/core/mock_structs/auth_mock.go:98.94,104.2 5 0
github.com/taucuya/ppo/internal/core/mock_structs/auth_mock.go:107.89,110.2 2 0
github.com/taucuya/ppo/internal/core/mock_structs/auth_mock.go:124.73,128.2 3 0
github.com/taucuya/ppo/internal/core/mock_structs/auth_mock.go:131.71,133.2 1 0
github.com/taucuya/ppo/internal/core/mock_structs/auth_mock.go:136.99,141.2 4 0
github.com/taucuya/ppo/internal/core/mock_structs/auth_mock.go:144.97,147.2 2 0
github.com/taucuya/ppo/internal/core/mock_structs/auth_mock.go:150.84,155.2 4 0
github.com/taucuya/ppo/internal/core/mock_structs/auth_mock.go:158.89,161.2 2 0
github.com/taucuya/ppo/internal/core/mock_structs/auth_mock.go:175.61,179.2 3 0
github.com/taucuya/ppo/internal/core/mock_structs/auth_mock.go:182.59,184.2 1 0
github.com/taucuya/ppo/internal/core/mock_structs/auth_mock.go:187.74,192.2 4 0
github.com/taucuya/ppo/internal/core/mock_structs/auth_mock.go:195.77,198.2 2 0
github.com/taucuya/ppo/internal/core/mock_structs/auth_mock.go:201.90,207.2 5 0
github.com/taucuya/ppo/internal/core/mock_structs/auth_mock.go:210.83,213.2 2 0
github.com/taucuya/ppo/internal/core/mock_structs/auth_mock.go:227.69,231.2 3 0
github.com/taucuya/ppo/internal/core/mock_structs/auth_mock.go:234.67,236.2 1 0
github.com/taucuya/ppo/internal/core/mock_structs/auth_mock.go:239.97,246.2 6 0
github.com/taucuya/ppo/internal/core/mock_structs/auth_mock.go:249.84,252.2 2 0
github.com/taucuya/ppo/internal/core/mock_structs/auth_mock.go:255.101,261.2 5 0
github.com/taucuya/ppo/internal/core/mock_structs/auth_mock.go:264.100,267.2 2 0
github.com/taucuya/ppo/internal/core/mock_structs/auth_mock.go:270.95,276.2 5 0
github.com/taucuya/ppo/internal/core/mock_structs/auth_mock.go:279.90,282.2 2 0
github.com/taucuya/ppo/internal/core/mock_structs/basket_mock.go:27.71,31.2 3 0
github.com/taucuya/ppo/internal/core/mock_structs/basket_mock.go:34.69,36.2 1 0
github.com/taucuya/ppo/internal/core/mock_structs/basket_mock.go:39.86,44.2 4 0
github.com/taucuya/ppo/internal/core/mock_structs/basket_mock.go:47.83,50.2 2 0
github.com/taucuya/ppo/internal/core/mock_structs/basket_mock.go:53.81,58.2 4 0
github.com/taucuya/ppo/internal/core/mock_structs/basket_mock.go:61.82,64.2 2 0
github.com/taucuya/ppo/internal/core/mock_structs/basket_mock.go:67.82,72.2 4 0
github.com/taucuya/ppo/internal/core/mock_structs/basket_mock.go:75.87,78.2 2 0
github.com/taucuya/ppo/internal/core/mock_structs/basket_mock.go:81.97,87.2 5 0
github.com/taucuya/ppo/internal/core/mock_structs/basket_mock.go:90.84,93.2 2 0
github.com/taucuya/ppo/internal/core/mock_structs/basket_mock.go:96.111,102.2 5 0
github.com/taucuya/ppo/internal/core/mock_structs/basket_mock.go:105.92,108.2 2 0
github.com/taucuya/ppo/internal/core/mock_structs/basket_mock.go:111.100,116.2 4 0
github.com/taucuya/ppo/internal/core/mock_structs/basket_mock.go:119.101,122.2 2 0
github.com/taucuya/ppo/internal/core/mock_structs/basket_mock.go:136.77,140.2 3 0
github.com/taucuya/ppo/internal/core/mock_structs/basket_mock.go:143.75,145.2 1 0
github.com/taucuya/ppo/internal/core/mock_structs/basket_mock.go:148.89,153.2 4 0
github.com/taucuya/ppo/internal/core/mock_structs/basket_mock.go:156.86,159.2 2 0
github.com/taucuya/ppo/internal/core/mock_structs/basket_mock.go:162.84,167.2 4 0
github.com/taucuya/ppo/internal/core/mock_structs/basket_mock.go:170.85,173.2 2 0
github.com/taucuya/ppo/internal/core/mock_structs/basket_mock.go:176.85,181.2 4 0
github.com/taucuya/ppo/internal/core/mock_structs/basket_mock.go:184.90,187.2 2 0
github.com/taucuya/ppo/internal/core/mock_structs/basket_mock.go:190.100,196.2 5 0
github.com/taucuya/ppo/internal/core/mock_structs/basket_mock.go:199.87,202.2 2 0
github.com/taucuya/ppo/internal/core/mock_structs/basket_mock.go:205.114,211.2 5 0
github.com/taucuya/ppo/internal/core/mock_structs/basket_mock.go:214.95,217.2 2 0
github.com/taucuya/ppo/internal/core/mock_structs/basket_mock.go:220.103,225.2 4 0
github.com/taucuya/ppo/internal/core/mock_structs/basket_mock.go:228.104,231.2 2 0
github.com/taucuya/ppo/internal/core/mock_structs/brand_mock.go:27.69,31.2 3 0
github.com/taucuya/ppo/internal/core/mock_structs/brand_mock.go:34.67,36.2 1 0
github.com/taucuya/ppo/internal/core/mock_structs/brand_mock.go:39.79,44.2 4 0
github.com/taucuya/ppo/internal/core/mock_structs/brand_mock.go:47.81,50.2 2 0
github.com/taucuya/ppo/internal/core/mock_structs/brand_mock.go:53.77,58.2 4 0
github.com/taucuya/ppo/internal/core/mock_structs/brand_mock.go:61.82,64.2 2 0
github.com/taucuya/ppo/internal/core/mock_structs/brand_mock.go:67.87,73.2 5 0
github.com/taucuya/ppo/internal/core/mock_structs/brand_mock.go:76.84,79.2 2 0
github.com/taucuya/ppo/internal/core/mock_structs/brand_mock.go:82.95,88.2 5 0
github.com/taucuya/ppo/internal/core/mock_structs/brand_mock.go:91.83,94.2 2 0
github.com/taucuya/ppo/internal/core/mock_structs/brand_mock.go:108.75,112.2 3 0
github.com/taucuya/ppo/internal/core/mock_structs/brand_mock.go:115.73,117.2 1 0
github.com/taucuya/ppo/internal/core/mock_structs/brand_mock.go:120.82,125.2 4 0
github.com/taucuya/ppo/internal/core/mock_structs/brand_mock.go:128.84,131.2 2 0
github.com/taucuya/ppo/internal/core/mock_structs/brand_mock.go:134.80,139.2 4 0
github.com/taucuya/ppo/internal/core/mock_structs/brand_mock.go:142.85,145.2 2 0
github.com/taucuya/ppo/internal/core/mock_structs/brand_mock.go:148.90,154.2 5 0
github.com/taucuya/ppo/internal/core/mock_structs/brand_mock.go:157.87,160.2 2 0
github.com/taucuya/ppo/internal/core/mock_structs/brand_mock.go:163.98,169.2 5 0
github.com/taucuya/ppo/internal/core/mock_structs/brand_mock.go:172.86,175.2 2 0
github.com/taucuya/ppo/internal/core/mock_structs/order_mock.go:27.69,31.2 3 0
github.com/taucuya/ppo/internal/core/mock_structs/order_mock.go:34.67,36.2 1 0
github.com/taucuya/ppo/internal/core/mock_structs/order_mock.go:39.88,44.2 4 0
github.com/taucuya/ppo/internal/core/mock_structs/order_mock.go:47.93,50.2 2 0
github.com/taucuya/ppo/internal/core/mock_structs/order_mock.go:53.79,58.2 4 0
github.com/taucuya/ppo/internal/core/mock_structs/order_mock.go:61.81,64.2 2 0
github.com/taucuya/ppo/internal/core/mock_structs/order_mock.go:67.77,72.2 4 0
github.com/taucuya/ppo/internal/core/mock_structs/order_mock.go:75.82,78.2 2 0
github.com/taucuya/ppo/internal/core/mock_structs/order_mock.go:81.95,87.2 5 0
github.com/taucuya/ppo/internal/core/mock_structs/order_mock.go:90.83,93.2 2 0
github.com/taucuya/ppo/internal/core/mock_structs/order_mock.go:96.103,102.2 5 0
github.com/taucuya/ppo/internal/core/mock_structs/order_mock.go:105.84,108.2 2 0
github.com/taucuya/ppo/internal/core/mock_structs/order_mock.go:111.90,117.2 5 0
github.com/taucuya/ppo/internal/core/mock_structs/order_mock.go:120.85,123.2 2 0
github.com/taucuya/ppo/internal/core/mock_structs/order_mock.go:137.75,141.2 3 0
github.com/taucuya/ppo/internal/core/mock_structs/order_mock.go:144.73,146.2 1 0
github.com/taucuya/ppo/internal/core/mock_structs/order_mock.go:149.82,154.2 4 0
github.com/taucuya/ppo/internal/core/mock_structs/order_mock.go:157.84,160.2 2 0
github.com/taucuya/ppo/internal/core/mock_structs/order_mock.go:163.80,168.2 4 0
github.com/taucuya/ppo/internal/core/mock_structs/order_mock.go:171.85,174.2 2 0
github.com/taucuya/ppo/internal/core/mock_structs/order_mock.go:177.98,183.2 5 0
github.com/taucuya/ppo/internal/core/mock_structs/order_mock.go:186.86,189.2 2 0
github.com/taucuya/ppo/internal/core/mock_structs/order_mock.go:192.106,198.2 5 0
github.com/taucuya/ppo/internal/core/mock_structs/order_mock.go:201.87,204.2 2 0
github.com/taucuya/ppo/internal/core/mock_structs/order_mock.go:207.93,213.2 5 0
github.com/taucuya/ppo/internal/core/mock_structs/order_mock.go:216.88,219.2 2 0
github.com/taucuya/ppo/internal/core/mock_structs/order_mock.go:222.101,227.2 4 0
github.com/taucuya/ppo/internal/core/mock_structs/order_mock.go:230.99,233.2 2 0
github.com/taucuya/ppo/internal/core/mock_structs/product_mock.go:27.73,31.2 3 0
github.com/taucuya/ppo/internal/core/mock_structs/product_mock.go:34.71,36.2 1 0
github.com/taucuya/ppo/internal/core/mock_structs/product_mock.go:39.83,44.2 4 0
github.com/taucuya/ppo/internal/core/mock_structs/product_mock.go:47.83,50.2 2 0
github.com/taucuya/ppo/internal/core/mock_structs/product_mock.go:53.79,58.2 4 0
github.com/taucuya/ppo/internal/core/mock_structs/product_mock.go:61.84,64.2 2 0
github.com/taucuya/ppo/internal/core/mock_structs/product_mock.go:67.99,73.2 5 0
github.com/taucuya/ppo/internal/core/mock_structs/product_mock.go:76.85,79.2 2 0
github.com/taucuya/ppo/internal/core/mock_structs/product_mock.go:93.79,97.2 3 1
github.com/taucuya/ppo/internal/core/mock_structs/product_mock.go:100.77,102.2 1 1
github.com/taucuya/ppo/internal/core/mock_structs/product_mock.go:105.86,110.2 4 1
github.com/taucuya/ppo/internal/core/mock_structs/product_mock.go:113.86,116.2 2 1
github.com/taucuya/ppo/internal/core/mock_structs/product_mock.go:119.82,124.2 4 1
github.com/taucuya/ppo/internal/core/mock_structs/product_mock.go:127.87,130.2 2 1
github.com/taucuya/ppo/internal/core/mock_structs/product_mock.go:133.102,139.2 5 1
github.com/taucuya/ppo/internal/core/mock_structs/product_mock.go:142.88,145.2 2 1
github.com/taucuya/ppo/internal/core/mock_structs/review_mock.go:27.71,31.2 3 0
github.com/taucuya/ppo/internal/core/mock_structs/review_mock.go:34.69,36.2 1 0
github.com/taucuya/ppo/internal/core/mock_structs/review_mock.go:39.81,44.2 4 0
github.com/taucuya/ppo/internal/core/mock_structs/review_mock.go:47.82,50.2 2 0
github.com/taucuya/ppo/internal/core/mock_structs/review_mock.go:53.78,58.2 4 0
github.com/taucuya/ppo/internal/core/mock_structs/review_mock.go:61.83,64.2 2 0
github.com/taucuya/ppo/internal/core/mock_structs/review_mock.go:67.97,73.2 5 0
github.com/taucuya/ppo/internal/core/mock_structs/review_mock.go:76.84,79.2 2 0
github.com/taucuya/ppo/internal/core/mock_structs/review_mock.go:82.117,88.2 5 0
github.com/taucuya/ppo/internal/core/mock_structs/review_mock.go:91.102,94.2 2 0
github.com/taucuya/ppo/internal/core/mock_structs/review_mock.go:108.77,112.2 3 0
github.com/taucuya/ppo/internal/core/mock_structs/review_mock.go:115.75,117.2 1 0
github.com/taucuya/ppo/internal/core/mock_structs/review_mock.go:120.84,125.2 4 0
github.com/taucuya/ppo/internal/core/mock_structs/review_mock.go:128.85,131.2 2 0
github.com/taucuya/ppo/internal/core/mock_structs/review_mock.go:134.81,139.2 4 0
github.com/taucuya/ppo/internal/core/mock_structs/review_mock.go:142.86,145.2 2 0
github.com/taucuya/ppo/internal/core/mock_structs/review_mock.go:148.100,154.2 5 0
github.com/taucuya/ppo/internal/core/mock_structs/review_mock.go:157.87,160.2 2 0
github.com/taucuya/ppo/internal/core/mock_structs/review_mock.go:163.120,169.2 5 0
github.com/taucuya/ppo/internal/core/mock_structs/review_mock.go:172.105,175.2 2 0
github.com/taucuya/ppo/internal/core/mock_structs/user_mock.go:27.67,31.2 3 0
github.com/taucuya/ppo/internal/core/mock_structs/user_mock.go:34.65,36.2 1 0
github.com/taucuya/ppo/internal/core/mock_structs/user_mock.go:39.77,44.2 4 0
github.com/taucuya/ppo/internal/core/mock_structs/user_mock.go:47.80,50.2 2 0
github.com/taucuya/ppo/internal/core/mock_structs/user_mock.go:53.93,59.2 5 0
github.com/taucuya/ppo/internal/core/mock_structs/user_mock.go:62.82,65.2 2 0
github.com/taucuya/ppo/internal/core/mock_structs/user_mock.go:68.93,74.2 5 0
github.com/taucuya/ppo/internal/core/mock_structs/user_mock.go:77.86,80.2 2 0
github.com/taucuya/ppo/internal/core/mock_structs/user_mock.go:83.95,89.2 5 0
github.com/taucuya/ppo/internal/core/mock_structs/user_mock.go:92.88,95.2 2 0
github.com/taucuya/ppo/internal/core/mock_structs/user_mock.go:109.73,113.2 3 0
github.com/taucuya/ppo/internal/core/mock_structs/user_mock.go:116.71,118.2 1 0
github.com/taucuya/ppo/internal/core/mock_structs/user_mock.go:121.80,126.2 4 0
github.com/taucuya/ppo/internal/core/mock_structs/user_mock.go:129.83,132.2 2 0
github.com/taucuya/ppo/internal/core/mock_structs/user_mock.go:135.96,141.2 5 0
github.com/taucuya/ppo/internal/core/mock_structs/user_mock.go:144.85,147.2 2 0
github.com/taucuya/ppo/internal/core/mock_structs/user_mock.go:150.96,156.2 5 0
github.com/taucuya/ppo/internal/core/mock_structs/user_mock.go:159.89,162.2 2 0
github.com/taucuya/ppo/internal/core/mock_structs/user_mock.go:165.98,171.2 5 0
github.com/taucuya/ppo/internal/core/mock_structs/user_mock.go:174.91,177.2 2 0
github.com/taucuya/ppo/internal/core/mock_structs/worker_mock.go:27.71,31.2 3 0
github.com/taucuya/ppo/internal/core/mock_structs/worker_mock.go:34.69,36.2 1 0
github.com/taucuya/ppo/internal/core/mock_structs/worker_mock.go:39.81,44.2 4 0
github.com/taucuya/ppo/internal/core/mock_structs/worker_mock.go:47.82,50.2 2 0
github.com/taucuya/ppo/internal/core/mock_structs/worker_mock.go:53.78,58.2 4 0
github.com/taucuya/ppo/internal/core/mock_structs/worker_mock.go:61.83,64.2 2 0
github.com/taucuya/ppo/internal/core/mock_structs/worker_mock.go:67.90,73.2 5 0
github.com/taucuya/ppo/internal/core/mock_structs/worker_mock.go:76.86,79.2 2 0
github.com/taucuya/ppo/internal/core/mock_structs/worker_mock.go:82.97,88.2 5 0
github.com/taucuya/ppo/internal/core/mock_structs/worker_mock.go:91.84,94.2 2 0
github.com/taucuya/ppo/internal/core/mock_structs/worker_mock.go:108.77,112.2 3 0
github.com/taucuya/ppo/internal/core/mock_structs/worker_mock.go:115.75,117.2 1 0
github.com/taucuya/ppo/internal/core/mock_structs/worker_mock.go:120.84,125.2 4 0
github.com/taucuya/ppo/internal/core/mock_structs/worker_mock.go:128.85,131.2 2 0
github.com/taucuya/ppo/internal/core/mock_structs/worker_mock.go:134.81,139.2 4 0
github.com/taucuya/ppo/internal/core/mock_structs/worker_mock.go:142.86,145.2 2 0
github.com/taucuya/ppo/internal/core/mock_structs/worker_mock.go:148.93,154.2 5 0
github.com/taucuya/ppo/internal/core/mock_structs/worker_mock.go:157.89,160.2 2 0
github.com/taucuya/ppo/internal/core/mock_structs/worker_mock.go:163.100,169.2 5 0
github.com/taucuya/ppo/internal/core/mock_structs/worker_mock.go:172.87,175.2 2 0
github.com/taucuya/ppo/internal/core/service/product/product.go:24.42,26.2 1 1
github.com/taucuya/ppo/internal/core/service/product/product.go:28.72,31.2 2 1
github.com/taucuya/ppo/internal/core/service/product/product.go:33.88,35.16 2 1
github.com/taucuya/ppo/internal/core/service/product/product.go:35.16,37.3 1 1
github.com/taucuya/ppo/internal/core/service/product/product.go:38.2,38.15 1 1
github.com/taucuya/ppo/internal/core/service/product/product.go:41.68,44.2 2 1
github.com/taucuya/ppo/internal/core/structs/h.go:13.17,15.2 1 1
github.com/taucuya/ppo/internal/core/mock_structs/auth_mock.go:27.67,31.2 3 0
github.com/taucuya/ppo/internal/core/mock_structs/auth_mock.go:34.65,36.2 1 0
github.com/taucuya/ppo/internal/core/mock_structs/auth_mock.go:39.101,46.2 6 0
github.com/taucuya/ppo/internal/core/mock_structs/auth_mock.go:49.92,52.2 2 0
github.com/taucuya/ppo/internal/core/mock_structs/auth_mock.go:55.76,60.2 4 0
github.com/taucuya/ppo/internal/core/mock_structs/auth_mock.go:63.81,66.2 2 0
github.com/taucuya/ppo/internal/core/mock_structs/auth_mock.go:69.100,75.2 5 0
github.com/taucuya/ppo/internal/core/mock_structs/auth_mock.go:78.99,81.2 2 0
github.com/taucuya/ppo/internal/core/mock_structs/auth_mock.go:84.77,89.2 4 0
github.com/taucuya/ppo/internal/core/mock_structs/auth_mock.go:92.80,95.2 2 0
github.com/taucuya/ppo/internal/core/mock_structs/auth_mock.go:98.94,104.2 5 0
github.com/taucuya/ppo/internal/core/mock_structs/auth_mock.go:107.89,110.2 2 0
github.com/taucuya/ppo/internal/core/mock_structs/auth_mock.go:124.73,128.2 3 0
github.com/taucuya/ppo/internal/core/mock_structs/auth_mock.go:131.71,133.2 1 0
github.com/taucuya/ppo/internal/core/mock_structs/auth_mock.go:136.99,141.2 4 0
github.com/taucuya/ppo/internal/core/mock_structs/auth_mock.go:144.97,147.2 2 0
github.com/taucuya/ppo/internal/core/mock_structs/auth_mock.go:150.84,155.2 4 0
github.com/taucuya/ppo/internal/core/mock_structs/auth_mock.go:158.89,161.2 2 0
github.com/taucuya/ppo/internal/core/mock_structs/auth_mock.go:175.61,179.2 3 0
github.com/taucuya/ppo/internal/core/mock_structs/auth_mock.go:182.59,184.2 1 0
github.com/taucuya/ppo/internal/core/mock_structs/auth_mock.go:187.74,192.2 4 0
github.com/taucuya/ppo/internal/core/mock_structs/auth_mock.go:195.77,198.2 2 0
github.com/taucuya/ppo/internal/core/mock_structs/auth_mock.go:201.90,207.2 5 0
github.com/taucuya/ppo/internal/core/mock_structs/auth_mock.go:210.83,213.2 2 0
github.com/taucuya/ppo/internal/core/mock_structs/auth_mock.go:227.69,231.2 3 0
github.com/taucuya/ppo/internal/core/mock_structs/auth_mock.go:234.67,236.2 1 0
github.com/taucuya/ppo/internal/core/mock_structs/auth_mock.go:239.97,246.2 6 0
github.com/taucuya/ppo/internal/core/mock_structs/auth_mock.go:249.84,252.2 2 0
github.com/taucuya/ppo/internal/core/mock_structs/auth_mock.go:255.101,261.2 5 0
[...]
github.com/taucuya/ppo/internal/core/mock_structs/review_mock.go:148.100,154.2 5 1
github.com/taucuya/ppo/internal/core/mock_structs/review_mock.go:157.87,160.2 2 1
github.com/taucuya/ppo/internal/core/mock_structs/review_mock.go:163.120,169.2 5 1
github.com/taucuya/ppo/internal/core/mock_structs/review_mock.go:172.105,175.2 2 1
github.com/taucuya/ppo/internal/core/mock_structs/user_mock.go:27.67,31.2 3 0
github.com/taucuya/ppo/internal/core/mock_structs/user_mock.go:34.65,36.2 1 0
github.com/taucuya/ppo/internal/core/mock_structs/user_mock.go:39.77,44.2 4 0
github.com/taucuya/ppo/internal/core/mock_structs/user_mock.go:47.80,50.2 2 0
github.com/taucuya/ppo/internal/core/mock_structs/user_mock.go:53.93,59.2 5 0
github.com/taucuya/ppo/internal/core/mock_structs/user_mock.go:62.82,65.2 2 0
github.com/taucuya/ppo/internal/core/mock_structs/user_mock.go:68.93,74.2 5 0
github.com/taucuya/ppo/internal/core/mock_structs/user_mock.go:77.86,80.2 2 0
github.com/taucuya/ppo/internal/core/mock_structs/user_mock.go:83.95,89.2 5 0
github.com/taucuya/ppo/internal/core/mock_structs/user_mock.go:92.88,95.2 2 0
github.com/taucuya/ppo/internal/core/mock_structs/user_mock.go:109.73,113.2 3 0
github.com/taucuya/ppo/internal/core/mock_structs/user_mock.go:116.71,118.2 1 0
github.com/taucuya/ppo/internal/core/mock_structs/user_mock.go:121.80,126.2 4 0
github.com/taucuya/ppo/internal/core/mock_structs/user_mock.go:129.83,132.2 2 0
github.com/taucuya/ppo/internal/core/mock_structs/user_mock.go:135.96,141.2 5 0
github.com/taucuya/ppo/internal/core/mock_structs/user_mock.go:144.85,147.2 2 0
github.com/taucuya/ppo/internal/core/mock_structs/user_mock.go:150.96,156.2 5 0
github.com/taucuya/ppo/internal/core/mock_structs/user_mock.go:159.89,162.2 2 0
github.com/taucuya/ppo/internal/core/mock_structs/user_mock.go:165.98,171.2 5 0
github.com/taucuya/ppo/internal/core/mock_structs/user_mock.go:174.91,177.2 2 0
github.com/taucuya/ppo/internal/core/mock_structs/worker_mock.go:27.71,31.2 3 0
github.com/taucuya/ppo/internal/core/mock_structs/worker_mock.go:34.69,36.2 1 0
github.com/taucuya/ppo/internal/core/mock_structs/worker_mock.go:39.81,44.2 4 0
github.com/taucuya/ppo/internal/core/mock_structs/worker_mock.go:47.82,50.2 2 0
github.com/taucuya/ppo/internal/core/mock_structs/worker_mock.go:53.78,58.2 4 0
github.com/taucuya/ppo/internal/core/mock_structs/worker_mock.go:61.83,64.2 2 0
github.com/taucuya/ppo/internal/core/mock_structs/worker_mock.go:67.90,73.2 5 0
github.com/taucuya/ppo/internal/core/mock_structs/worker_mock.go:76.86,79.2 2 0
github.com/taucuya/ppo/internal/core/mock_structs/worker_mock.go:82.97,88.2 5 0
github.com/taucuya/ppo/internal/core/mock_structs/worker_mock.go:91.84,94.2 2 0
github.com/taucuya/ppo/internal/core/mock_structs/worker_mock.go:108.77,112.2 3 0
github.com/taucuya/ppo/internal/core/mock_structs/worker_mock.go:115.75,117.2 1 0
github.com/taucuya/ppo/internal/core/mock_structs/worker_mock.go:120.84,125.2 4 0
github.com/taucuya/ppo/internal/core/mock_structs/worker_mock.go:128.85,131.2 2 0
github.com/taucuya/ppo/internal/core/mock_structs/worker_mock.go:134.81,139.2 4 0
github.com/taucuya/ppo/internal/core/mock_structs/worker_mock.go:142.86,145.2 2 0
github.com/taucuya/ppo/internal/core/mock_structs/worker_mock.go:148.93,154.2 5 0
github.com/taucuya/ppo/internal/core/mock_structs/worker_mock.go:157.89,160.2 2 0
github.com/taucuya/ppo/internal/core/mock_structs/worker_mock.go:163.100,169.2 5 0
github.com/taucuya/ppo/internal/core/mock_structs/worker_mock.go:172.87,175.2 2 0
github.com/taucuya/ppo/internal/core/service/review/review.go:27.41,29.2 1 1
github.com/taucuya/ppo/internal/core/service/review/review.go:31.71,34.2 2 1
github.com/taucuya/ppo/internal/core/service/review/review.go:36.87,38.16 2 1
github.com/taucuya/ppo/internal/core/service/review/review.go:38.16,40.3 1 1
github.com/taucuya/ppo/internal/core/service/review/review.go:41.2,41.15 1 1
github.com/taucuya/ppo/internal/core/service/review/review.go:44.68,47.2 2 1
github.com/taucuya/ppo/internal/core/service/review/review.go:49.107,51.16 2 1
github.com/taucuya/ppo/internal/core/service/review/review.go:51.16,53.3 1 1
github.com/taucuya/ppo/internal/core/service/review/review.go:54.2,54.15 1 1
github.com/taucuya/ppo/internal/core/structs/h.go:13.17,15.2 1 1
github.com/taucuya/ppo/internal/core/structs/h.go:13.17,15.2 1 0
github.com/taucuya/ppo/internal/core/mock_structs/auth_mock.go:27.67,31.2 3 0
github.com/taucuya/ppo/internal/core/mock_structs/auth_mock.go:34.65,36.2 1 0
github.com/taucuya/ppo/internal/core/mock_structs/auth_mock.go:39.101,46.2 6 0
github.com/taucuya/ppo/internal/core/mock_structs/auth_mock.go:49.92,52.2 2 0
github.com/taucuya/ppo/internal/core/mock_structs/auth_mock.go:55.76,60.2 4 0
github.com/taucuya/ppo/internal/core/mock_structs/auth_mock.go:63.81,66.2 2 0
github.com/taucuya/ppo/internal/core/mock_structs/auth_mock.go:69.100,75.2 5 0
github.com/taucuya/ppo/internal/core/mock_structs/auth_mock.go:78.99,81.2 2 0
github.com/taucuya/ppo/internal/core/mock_structs/auth_mock.go:84.77,89.2 4 0
github.com/taucuya/ppo/internal/core/mock_structs/auth_mock.go:92.80,95.2 2 0
github.com/taucuya/ppo/internal/core/mock_structs/auth_mock.go:98.94,104.2 5 0
github.com/taucuya/ppo/internal/core/mock_structs/auth_mock.go:107.89,110.2 2 0
github.com/taucuya/ppo/internal/core/mock_structs/auth_mock.go:124.73,128.2 3 0
github.com/taucuya/ppo/internal/core/mock_structs/auth_mock.go:131.71,133.2 1 0
github.com/taucuya/ppo/internal/core/mock_structs/auth_mock.go:136.99,141.2 4 0
github.com/taucuya/ppo/internal/core/mock_structs/auth_mock.go:144.97,147.2 2 0
github.com/taucuya/ppo/internal/core/mock_structs/auth_mock.go:150.84,155.2 4 0
github.com/taucuya/ppo/internal/core/mock_structs/auth_mock.go:158.89,161.2 2 0
github.com/taucuya/ppo/internal/core/mock_structs/auth_mock.go:175.61,179.2 3 0
github.com/taucuya/ppo/internal/core/mock_structs/auth_mock.go:182.59,184.2 1 0
github.com/taucuya/ppo/internal/core/mock_structs/auth_mock.go:187.74,192.2 4 0
github.com/taucuya/ppo/internal/core/mock_structs/auth_mock.go:195.77,198.2 2 0
github.com/taucuya/ppo/internal/core/mock_structs/auth_mock.go:201.90,207.2 5 0
github.com/taucuya/ppo/internal/core/mock_structs/auth_mock.go:210.83,213.2 2 0
github.com/taucuya/ppo/internal/core/mock_structs/auth_mock.go:227.69,231.2 3 0
github.com/taucuya/ppo/internal/core/mock_structs/auth_mock.go:234.67,236.2 1 0
github.com/taucuya/ppo/internal/core/mock_structs/auth_mock.go:239.97,246.2 6 0
github.com/taucuya/ppo/internal/core/mock_structs/auth_mock.go:249.84,252.2 2 0
github.com/taucuya/ppo/internal/core/mock_structs/auth_mock.go:255.101,261.2 5 0
github.com/taucuya/ppo/internal/core/mock_structs/auth_mock.go:264.100,267.2 2 0
github.com/taucuya/ppo/internal/core/mock_structs/auth_mock.go:270.95,276.2 5 0
github.com/taucuya/ppo/internal/core/mock_structs/auth_mock.go:279.90,282.2 2 0
github.com/taucuya/ppo/internal/core/mock_structs/basket_mock.go:27.71,31.2 3 0
github.com/taucuya/ppo/internal/core/mock_structs/basket_mock.go:34.69,36.2 1 0
github.com/taucuya/ppo/internal/core/mock_structs/basket_mock.go:39.86,44.2 4 0
github.com/taucuya/ppo/internal/core/mock_structs/basket_mock.go:47.83,50.2 2 0
github.com/taucuya/ppo/internal/core/mock_structs/basket_mock.go:53.81,58.2 4 0
github.com/taucuya/ppo/internal/core/mock_structs/basket_mock.go:61.82,64.2 2 0
github.com/taucuya/ppo/internal/core/mock_structs/basket_mock.go:67.82,72.2 4 0
github.com/taucuya/ppo/internal/core/mock_structs/basket_mock.go:75.87,78.2 2 0
github.com/taucuya/ppo/internal/core/mock_structs/basket_mock.go:81.97,87.2 5 0
github.com/taucuya/ppo/internal/core/mock_structs/basket_mock.go:90.84,93.2 2 0
github.com/taucuya/ppo/internal/core/mock_structs/basket_mock.go:96.111,102.2 5 0
github.com/taucuya/ppo/internal/core/mock_structs/basket_mock.go:105.92,108.2 2 0
github.com/taucuya/ppo/internal/core/mock_structs/basket_mock.go:111.100,116.2 4 0
github.com/taucuya/ppo/internal/core/mock_structs/basket_mock.go:119.101,122.2 2 0
github.com/taucuya/ppo/internal/core/mock_structs/basket_mock.go:136.77,140.2 3 0
github.com/taucuya/ppo/internal/core/mock_structs/basket_mock.go:143.75,145.2 1 0
github.com/taucuya/ppo/internal/core/mock_structs/basket_mock.go:148.89,153.2 4 0
github.com/taucuya/ppo/internal/core/mock_structs/basket_mock.go:156.86,159.2 2 0
github.com/taucuya/ppo/internal/core/mock_structs/basket_mock.go:162.84,167.2 4 0
github.com/taucuya/ppo/internal/core/mock_structs/basket_mock.go:170.85,173.2 2 0
github.com/taucuya/ppo/internal/core/mock_structs/basket_mock.go:176.85,181.2 4 0
github.com/taucuya/ppo/internal/core/mock_structs/basket_mock.go:184.90,187.2 2 0
github.com/taucuya/ppo/internal/core/mock_structs/basket_mock.go:190.100,196.2 5 0
github.com/taucuya/ppo/internal/core/mock_structs/basket_mock.go:199.87,202.2 2 0
github.com/taucuya/ppo/internal/core/mock_structs/basket_mock.go:205.114,211.2 5 0
github.com/taucuya/ppo/internal/core/mock_structs/basket_mock.go:214.95,217.2 2 0
github.com/taucuya/ppo/internal/core/mock_structs/basket_mock.go:220.103,225.2 4 0
github.com/taucuya/ppo/internal/core/mock_structs/basket_mock.go:228.104,231.2 2 0
github.com/taucuya/ppo/internal/core/mock_structs/brand_mock.go:27.69,31.2 3 0
github.com/taucuya/ppo/internal/core/mock_structs/brand_mock.go:34.67,36.2 1 0
github.com/taucuya/ppo/internal/core/mock_structs/brand_mock.go:39.79,44.2 4 0
github.com/taucuya/ppo/internal/core/mock_structs/brand_mock.go:47.81,50.2 2 0
github.com/taucuya/ppo/internal/core/mock_structs/brand_mock.go:53.77,58.2 4 0
github.com/taucuya/ppo/internal/core/mock_structs/brand_mock.go:61.82,64.2 2 0
github.com/taucuya/ppo/internal/core/mock_structs/brand_mock.go:67.87,73.2 5 0
github.com/taucuya/ppo/internal/core/mock_structs/brand_mock.go:76.84,79.2 2 0
github.com/taucuya/ppo/internal/core/mock_structs/brand_mock.go:82.95,88.2 5 0
github.com/taucuya/ppo/internal/core/mock_structs/brand_mock.go:91.83,94.2 2 0
github.com/taucuya/ppo/internal/core/mock_structs/brand_mock.go:108.75,112.2 3 0
github.com/taucuya/ppo/internal/core/mock_structs/brand_mock.go:115.73,117.2 1 0
github.com/taucuya/ppo/internal/core/mock_structs/brand_mock.go:120.82,125.2 4 0
github.com/taucuya/ppo/internal/core/mock_structs/brand_mock.go:128.84,131.2 2 0
github.com/taucuya/ppo/internal/core/mock_structs/brand_mock.go:134.80,139.2 4 0
github.com/taucuya/ppo/internal/core/mock_structs/brand_mock.go:142.85,145.2 2 0
github.com/taucuya/ppo/internal/core/mock_structs/brand_mock.go:148.90,154.2 5 0
github.com/taucuya/ppo/internal/core/mock_structs/brand_mock.go:157.87,160.2 2 0
github.com/taucuya/ppo/internal/core/mock_structs/brand_mock.go:163.98,169.2 5 0
github.com/taucuya/ppo/internal/core/mock_structs/brand_mock.go:172.86,175.2 2 0
github.com/taucuya/ppo/internal/core/mock_structs/order_mock.go:27.69,31.2 3 0
github.com/taucuya/ppo/internal/core/mock_structs/order_mock.go:34.67,36.2 1 0
github.com/taucuya/ppo/internal/core/mock_structs/order_mock.go:39.88,44.2 4 0
github.com/taucuya/ppo/internal/core/mock_structs/order_mock.go:47.93,50.2 2 0
github.com/taucuya/ppo/internal/core/mock_structs/order_mock.go:53.79,58.2 4 0
github.com/taucuya/ppo/internal/core/mock_structs/order_mock.go:61.81,64.2 2 0
github.com/taucuya/ppo/internal/core/mock_structs/order_mock.go:67.77,72.2 4 0
github.com/taucuya/ppo/internal/core/mock_structs/order_mock.go:75.82,78.2 2 0
github.com/taucuya/ppo/internal/core/mock_structs/order_mock.go:81.95,87.2 5 0
github.com/taucuya/ppo/internal/core/mock_structs/order_mock.go:90.83,93.2 2 0
github.com/taucuya/ppo/internal/core/mock_structs/order_mock.go:96.103,102.2 5 0
github.com/taucuya/ppo/internal/core/mock_structs/order_mock.go:105.84,108.2 2 0
github.com/taucuya/ppo/internal/core/mock_structs/order_mock.go:111.90,117.2 5 0
github.com/taucuya/ppo/internal/core/mock_structs/order_mock.go:120.85,123.2 2 0
github.com/taucuya/ppo/internal/core/mock_structs/order_mock.go:137.75,141.2 3 0
github.com/taucuya/ppo/internal/core/mock_structs/order_mock.go:144.73,146.2 1 0
github.com/taucuya/ppo/internal/core/mock_structs/order_mock.go:149.82,154.2 4 0
github.com/taucuya/ppo/internal/core/mock_structs/order_mock.go:157.84,160.2 2 0
github.com/taucuya/ppo/internal/core/mock_structs/order_mock.go:163.80,168.2 4 0
github.com/taucuya/ppo/internal/core/mock_structs/order_mock.go:171.85,174.2 2 0
github.com/taucuya/ppo/internal/core/mock_structs/order_mock.go:177.98,183.2 5 0
github.com/taucuya/ppo/internal/core/mock_structs/order_mock.go:186.86,189.2 2 0
github.com/taucuya/ppo/internal/core/mock_structs/order_mock.go:192.106,198.2 5 0
github.com/taucuya/ppo/internal/core/mock_structs/order_mock.go:201.87,204.2 2 0
github.com/taucuya/ppo/internal/core/mock_structs/order_mock.go:207.93,213.2 5 0
github.com/taucuya/ppo/internal/core/mock_structs/order_mock.go:216.88,219.2 2 0
github.com/taucuya/ppo/internal/core/mock_structs/order_mock.go:222.101,227.2 4 0
github.com/taucuya/ppo/internal/core/mock_structs/order_mock.go:230.99,233.2 2 0
github.com/taucuya/ppo/internal/core/mock_structs/product_mock.go:27.73,31.2 3 0
github.com/taucuya/ppo/internal/core/mock_structs/product_mock.go:34.71,36.2 1 0
github.com/taucuya/ppo/internal/core/mock_structs/product_mock.go:39.83,44.2 4 0
github.com/taucuya/ppo/internal/core/mock_structs/product_mock.go:47.83,50.2 2 0
github.com/taucuya/ppo/internal/core/mock_structs/product_mock.go:53.79,58.2 4 0
github.com/taucuya/ppo/internal/core/mock_structs/product_mock.go:61.84,64.2 2 0
github.com/taucuya/ppo/internal/core/mock_structs/product_mock.go:67.99,73.2 5 0
github.com/taucuya/ppo/internal/core/mock_structs/product_mock.go:76.85,79.2 2 0
github.com/taucuya/ppo/internal/core/mock_structs/product_mock.go:93.79,97.2 3 0
github.com/taucuya/ppo/internal/core/mock_structs/product_mock.go:100.77,102.2 1 0
github.com/taucuya/ppo/internal/core/mock_structs/product_mock.go:105.86,110.2 4 0
github.com/taucuya/ppo/internal/core/mock_structs/product_mock.go:113.86,116.2 2 0
github.com/taucuya/ppo/internal/core/mock_structs/product_mock.go:119.82,124.2 4 0
github.com/taucuya/ppo/internal/core/mock_structs/product_mock.go:127.87,130.2 2 0
github.com/taucuya/ppo/internal/core/mock_structs/product_mock.go:133.102,139.2 5 0
github.com/taucuya/ppo/internal/core/mock_structs/product_mock.go:142.88,145.2 2 0
github.com/taucuya/ppo/internal/core/mock_structs/review_mock.go:27.71,31.2 3 0
github.com/taucuya/ppo/internal/core/mock_structs/review_mock.go:34.69,36.2 1 0
github.com/taucuya/ppo/internal/core/mock_structs/review_mock.go:39.81,44.2 4 0
github.com/taucuya/ppo/internal/core/mock_structs/review_mock.go:47.82,50.2 2 0
github.com/taucuya/ppo/internal/core/mock_structs/review_mock.go:53.78,58.2 4 0
github.com/taucuya/ppo/internal/core/mock_structs/review_mock.go:61.83,64.2 2 0
github.com/taucuya/ppo/internal/core/mock_structs/review_mock.go:67.97,73.2 5 0
github.com/taucuya/ppo/internal/core/mock_structs/review_mock.go:76.84,79.2 2 0
github.com/taucuya/ppo/internal/core/mock_structs/review_mock.go:82.117,88.2 5 0
github.com/taucuya/ppo/internal/core/mock_structs/review_mock.go:91.102,94.2 2 0
github.com/taucuya/ppo/internal/core/mock_structs/review_mock.go:108.77,112.2 3 0
github.com/taucuya/ppo/internal/core/mock_structs/review_mock.go:115.75,117.2 1 0
github.com/taucuya/ppo/internal/core/mock_structs/review_mock.go:120.84,125.2 4 0
github.com/taucuya/ppo/internal/core/mock_structs/review_mock.go:128.85,131.2 2 0
github.com/taucuya/ppo/internal/core/mock_structs/review_mock.go:134.81,139.2 4 0
github.com/taucuya/ppo/internal/core/mock_structs/review_mock.go:142.86,145.2 2 0
github.com/taucuya/ppo/internal/core/mock_structs/review_mock.go:148.100,154.2 5 0
github.com/taucuya/ppo/internal/core/mock_structs/review_mock.go:157.87,160.2 2 0
github.com/taucuya/ppo/internal/core/mock_structs/review_mock.go:163.120,169.2 5 0
github.com/taucuya/ppo/internal/core/mock_structs/review_mock.go:172.105,175.2 2 0
github.com/taucuya/ppo/internal/core/mock_structs/user_mock.go:27.67,31.2 3 0
github.com/taucuya/ppo/internal/core/mock_structs/user_mock.go:34.65,36.2 1 0
github.com/taucuya/ppo/internal/core/mock_structs/user_mock.go:39.77,44.2 4 0
github.com/taucuya/ppo/internal/core/mock_structs/user_mock.go:47.80,50.2 2 0
github.com/taucuya/ppo/internal/core/mock_structs/user_mock.go:53.93,59.2 5 0
github.com/taucuya/ppo/internal/core/mock_structs/user_mock.go:62.82,65.2 2 0
github.com/taucuya/ppo/internal/core/mock_structs/user_mock.go:68.93,74.2 5 0
github.com/taucuya/ppo/internal/core/mock_structs/user_mock.go:77.86,80.2 2 0
github.com/taucuya/ppo/internal/core/mock_structs/user_mock.go:83.95,89.2 5 0
github.com/taucuya/ppo/internal/core/mock_structs/user_mock.go:92.88,95.2 2 0
github.com/taucuya/ppo/internal/core/mock_structs/user_mock.go:109.73,113.2 3 0
github.com/taucuya/ppo/internal/core/mock_structs/user_mock.go:116.71,118.2 1 0
github.com/taucuya/ppo/internal/core/mock_structs/user_mock.go:121.80,126.2 4 0
github.com/taucuya/ppo/internal/core/mock_structs/user_mock.go:129.83,132.2 2 0
github.com/taucuya/ppo/internal/core/mock_structs/user_mock.go:135.96,141.2 5 0
github.com/taucuya/ppo/internal/core/mock_structs/user_mock.go:144.85,147.2 2 0
github.com/taucuya/ppo/internal/core/mock_structs/user_mock.go:150.96,156.2 5 0
github.com/taucuya/ppo/internal/core/mock_structs/user_mock.go:159.89,162.2 2 0
github.com/taucuya/ppo/internal/core/mock_structs/user_mock.go:165.98,171.2 5 0
github.com/taucuya/ppo/internal/core/mock_structs/user_mock.go:174.91,177.2 2 0
github.com/taucuya/ppo/internal/core/mock_structs/worker_mock.go:27.71,31.2 3 0
github.com/taucuya/ppo/internal/core/mock_structs/worker_mock.go:34.69,36.2 1 0
github.com/taucuya/ppo/internal/core/mock_structs/worker_mock.go:39.81,44.2 4 0
github.com/taucuya/ppo/internal/core/mock_structs/worker_mock.go:47.82,50.2 2 0
github.com/taucuya/ppo/internal/core/mock_structs/worker_mock.go:53.78,58.2 4 0
github.com/taucuya/ppo/internal/core/mock_structs/worker_mock.go:61.83,64.2 2 0
github.com/taucuya/ppo/internal/core/mock_structs/worker_mock.go:67.90,73.2 5 0
github.com/taucuya/ppo/internal/core/mock_structs/worker_mock.go:76.86,79.2 2 0
github.com/taucuya/ppo/internal/core/mock_structs/worker_mock.go:82.97,88.2 5 0
github.com/taucuya/ppo/internal/core/mock_structs/worker_mock.go:91.84,94.2 2 0
github.com/taucuya/ppo/internal/core/mock_structs/worker_mock.go:108.77,112.2 3 1
github.com/taucuya/ppo/internal/core/mock_structs/worker_mock.go:115.75,117.2 1 1
github.com/taucuya/ppo/internal/core/mock_structs/worker_mock.go:120.84,125.2 4 1
github.com/taucuya/ppo/internal/core/mock_structs/worker_mock.go:128.85,131.2 2 1
github.com/taucuya/ppo/internal/core/mock_structs/worker_mock.go:134.81,139.2 4 1
github.com/taucuya/ppo/internal/core/mock_structs/worker_mock.go:142.86,145.2 2 1
github.com/taucuya/ppo/internal/core/mock_structs/worker_mock.go:148.93,154.2 5 1
github.com/taucuya/ppo/internal/core/mock_structs/worker_mock.go:157.89,160.2 2 1
github.com/taucuya/ppo/internal/core/mock_structs/worker_mock.go:163.100,169.2 5 1
github.com/taucuya/ppo/internal/core/mock_structs/worker_mock.go:172.87,175.2 2 1
github.com/taucuya/ppo/internal/core/service/worker/worker.go:27.41,29.2 1 1
github.com/taucuya/ppo/internal/core/service/worker/worker.go:31.71,34.2 2 1
github.com/taucuya/ppo/internal/core/service/worker/worker.go:36.87,38.16 2 1
github.com/taucuya/ppo/internal/core/service/worker/worker.go:38.16,40.3 1 1
github.com/taucuya/ppo/internal/core/service/worker/worker.go:41.2,41.15 1 1
github.com/taucuya/ppo/internal/core/service/worker/worker.go:44.68,47.2 2 1
github.com/taucuya/ppo/internal/core/service/worker/worker.go:49.80,51.16 2 1
github.com/taucuya/ppo/internal/core/service/worker/worker.go:51.16,53.3 1 1
github.com/taucuya/ppo/internal/core/service/worker/worker.go:54.2,54.21 1 1
github.com/taucuya/ppo/internal/core/structs/h.go:13.17,15.2 1 1
