mode: set
github.com/taucuya/ppo/internal/repository/postgres/reps/auth/auth.go:15.35,17.2 1 1
github.com/taucuya/ppo/internal/repository/postgres/reps/auth/auth.go:19.92,21.16 2 1
github.com/taucuya/ppo/internal/repository/postgres/reps/auth/auth.go:21.16,23.3 1 0
github.com/taucuya/ppo/internal/repository/postgres/reps/auth/auth.go:23.8,25.3 1 1
github.com/taucuya/ppo/internal/repository/postgres/reps/auth/auth.go:28.75,32.2 3 1
github.com/taucuya/ppo/internal/repository/postgres/reps/auth/auth.go:34.76,38.2 3 1
github.com/taucuya/ppo/internal/repository/postgres/reps/auth/auth.go:40.90,43.16 3 1
github.com/taucuya/ppo/internal/repository/postgres/reps/auth/auth.go:43.16,45.3 1 1
github.com/taucuya/ppo/internal/repository/postgres/reps/auth/auth.go:45.8,47.3 1 1
github.com/taucuya/ppo/internal/repository/postgres/reps/auth/auth.go:50.77,52.16 2 1
github.com/taucuya/ppo/internal/repository/postgres/reps/auth/auth.go:52.16,54.3 1 0
github.com/taucuya/ppo/internal/repository/postgres/reps/auth/auth.go:56.2,57.16 2 1
github.com/taucuya/ppo/internal/repository/postgres/reps/auth/auth.go:57.16,59.3 1 0
github.com/taucuya/ppo/internal/repository/postgres/reps/auth/auth.go:61.2,61.23 1 1
github.com/taucuya/ppo/internal/repository/postgres/reps/auth/auth.go:61.23,63.3 1 0
github.com/taucuya/ppo/internal/repository/postgres/reps/auth/auth.go:65.2,65.12 1 1
github.com/taucuya/ppo/internal/repository/postgres/reps/basket/basket.go:18.35,20.2 1 1
github.com/taucuya/ppo/internal/repository/postgres/reps/basket/basket.go:22.76,30.2 3 1
github.com/taucuya/ppo/internal/repository/postgres/reps/basket/basket.go:32.90,35.16 3 1
github.com/taucuya/ppo/internal/repository/postgres/reps/basket/basket.go:35.16,37.3 1 0
github.com/taucuya/ppo/internal/repository/postgres/reps/basket/basket.go:38.2,38.17 1 1
github.com/taucuya/ppo/internal/repository/postgres/reps/basket/basket.go:41.91,44.16 3 1
github.com/taucuya/ppo/internal/repository/postgres/reps/basket/basket.go:44.16,46.3 1 0
github.com/taucuya/ppo/internal/repository/postgres/reps/basket/basket.go:46.8,53.3 2 1
github.com/taucuya/ppo/internal/repository/postgres/reps/basket/basket.go:56.103,59.16 3 1
github.com/taucuya/ppo/internal/repository/postgres/reps/basket/basket.go:59.16,61.3 1 0
github.com/taucuya/ppo/internal/repository/postgres/reps/basket/basket.go:62.2,63.16 2 1
github.com/taucuya/ppo/internal/repository/postgres/reps/basket/basket.go:63.16,66.3 2 0
github.com/taucuya/ppo/internal/repository/postgres/reps/basket/basket.go:66.8,68.27 2 1
github.com/taucuya/ppo/internal/repository/postgres/reps/basket/basket.go:68.27,73.4 1 1
github.com/taucuya/ppo/internal/repository/postgres/reps/basket/basket.go:74.3,74.19 1 1
github.com/taucuya/ppo/internal/repository/postgres/reps/basket/basket.go:78.81,89.26 4 1
github.com/taucuya/ppo/internal/repository/postgres/reps/basket/basket.go:89.26,91.3 1 0
github.com/taucuya/ppo/internal/repository/postgres/reps/basket/basket.go:91.8,94.3 1 1
github.com/taucuya/ppo/internal/repository/postgres/reps/basket/basket.go:95.2,95.12 1 1
github.com/taucuya/ppo/internal/repository/postgres/reps/basket/basket.go:98.98,100.16 2 0
github.com/taucuya/ppo/internal/repository/postgres/reps/basket/basket.go:100.16,102.3 1 0
github.com/taucuya/ppo/internal/repository/postgres/reps/basket/basket.go:104.2,105.16 2 0
github.com/taucuya/ppo/internal/repository/postgres/reps/basket/basket.go:105.16,107.3 1 0
github.com/taucuya/ppo/internal/repository/postgres/reps/basket/basket.go:109.2,109.23 1 0
github.com/taucuya/ppo/internal/repository/postgres/reps/basket/basket.go:109.23,111.3 1 0
github.com/taucuya/ppo/internal/repository/postgres/reps/basket/basket.go:113.2,113.12 1 0
github.com/taucuya/ppo/internal/repository/postgres/reps/basket/basket.go:116.123,119.2 2 0
github.com/taucuya/ppo/internal/repository/postgres/reps/brand/brand.go:17.35,19.2 1 1
github.com/taucuya/ppo/internal/repository/postgres/reps/brand/brand.go:21.75,32.2 3 1
github.com/taucuya/ppo/internal/repository/postgres/reps/brand/brand.go:34.90,37.16 3 0
github.com/taucuya/ppo/internal/repository/postgres/reps/brand/brand.go:37.16,39.3 1 0
github.com/taucuya/ppo/internal/repository/postgres/reps/brand/brand.go:40.2,46.16 2 0
github.com/taucuya/ppo/internal/repository/postgres/reps/brand/brand.go:49.72,51.16 2 1
github.com/taucuya/ppo/internal/repository/postgres/reps/brand/brand.go:51.16,53.3 1 0
github.com/taucuya/ppo/internal/repository/postgres/reps/brand/brand.go:55.2,56.23 2 1
github.com/taucuya/ppo/internal/repository/postgres/reps/brand/brand.go:56.23,58.3 1 0
github.com/taucuya/ppo/internal/repository/postgres/reps/brand/brand.go:60.2,60.12 1 1
github.com/taucuya/ppo/internal/repository/postgres/reps/brand/brand.go:63.110,66.16 3 0
github.com/taucuya/ppo/internal/repository/postgres/reps/brand/brand.go:66.16,68.3 1 0
github.com/taucuya/ppo/internal/repository/postgres/reps/brand/brand.go:69.2,70.27 2 0
github.com/taucuya/ppo/internal/repository/postgres/reps/brand/brand.go:70.27,77.3 1 0
github.com/taucuya/ppo/internal/repository/postgres/reps/brand/brand.go:78.2,78.16 1 0
github.com/taucuya/ppo/internal/repository/postgres/reps/order/order.go:17.35,19.2 1 1
github.com/taucuya/ppo/internal/repository/postgres/reps/order/order.go:21.75,85.2 4 1
github.com/taucuya/ppo/internal/repository/postgres/reps/order/order.go:87.90,90.16 3 1
github.com/taucuya/ppo/internal/repository/postgres/reps/order/order.go:90.16,92.3 1 0
github.com/taucuya/ppo/internal/repository/postgres/reps/order/order.go:93.2,100.17 2 1
github.com/taucuya/ppo/internal/repository/postgres/reps/order/order.go:103.97,106.16 3 1
github.com/taucuya/ppo/internal/repository/postgres/reps/order/order.go:106.16,108.3 1 0
github.com/taucuya/ppo/internal/repository/postgres/reps/order/order.go:109.2,110.26 2 1
github.com/taucuya/ppo/internal/repository/postgres/reps/order/order.go:110.26,117.3 1 1
github.com/taucuya/ppo/internal/repository/postgres/reps/order/order.go:118.2,118.18 1 1
github.com/taucuya/ppo/internal/repository/postgres/reps/order/order.go:121.84,124.16 3 1
github.com/taucuya/ppo/internal/repository/postgres/reps/order/order.go:124.16,126.3 1 0
github.com/taucuya/ppo/internal/repository/postgres/reps/order/order.go:127.2,128.27 2 1
github.com/taucuya/ppo/internal/repository/postgres/reps/order/order.go:128.27,137.3 1 1
github.com/taucuya/ppo/internal/repository/postgres/reps/order/order.go:138.2,138.18 1 1
github.com/taucuya/ppo/internal/repository/postgres/reps/order/order.go:141.85,144.16 3 1
github.com/taucuya/ppo/internal/repository/postgres/reps/order/order.go:144.16,146.3 1 0
github.com/taucuya/ppo/internal/repository/postgres/reps/order/order.go:147.2,147.20 1 1
github.com/taucuya/ppo/internal/repository/postgres/reps/order/order.go:150.72,152.16 2 1
github.com/taucuya/ppo/internal/repository/postgres/reps/order/order.go:152.16,154.3 1 0
github.com/taucuya/ppo/internal/repository/postgres/reps/order/order.go:156.2,157.23 2 1
github.com/taucuya/ppo/internal/repository/postgres/reps/order/order.go:157.23,159.3 1 0
github.com/taucuya/ppo/internal/repository/postgres/reps/order/order.go:161.2,161.12 1 1
github.com/taucuya/ppo/internal/repository/postgres/reps/order/order.go:164.93,166.16 2 0
github.com/taucuya/ppo/internal/repository/postgres/reps/order/order.go:166.16,168.3 1 0
github.com/taucuya/ppo/internal/repository/postgres/reps/order/order.go:170.2,171.23 2 0
github.com/taucuya/ppo/internal/repository/postgres/reps/order/order.go:171.23,173.3 1 0
github.com/taucuya/ppo/internal/repository/postgres/reps/order/order.go:175.2,175.12 1 0
github.com/taucuya/ppo/internal/repository/postgres/reps/product/product.go:17.35,19.2 1 1
github.com/taucuya/ppo/internal/repository/postgres/reps/product/product.go:21.77,39.2 3 1
github.com/taucuya/ppo/internal/repository/postgres/reps/product/product.go:41.92,45.16 3 1
github.com/taucuya/ppo/internal/repository/postgres/reps/product/product.go:45.16,47.3 1 0
github.com/taucuya/ppo/internal/repository/postgres/reps/product/product.go:48.2,59.16 2 1
github.com/taucuya/ppo/internal/repository/postgres/reps/product/product.go:62.93,66.16 3 0
github.com/taucuya/ppo/internal/repository/postgres/reps/product/product.go:66.16,68.3 1 0
github.com/taucuya/ppo/internal/repository/postgres/reps/product/product.go:69.2,80.16 2 0
github.com/taucuya/ppo/internal/repository/postgres/reps/product/product.go:83.96,87.16 3 0
github.com/taucuya/ppo/internal/repository/postgres/reps/product/product.go:87.16,89.3 1 0
github.com/taucuya/ppo/internal/repository/postgres/reps/product/product.go:90.2,101.16 2 0
github.com/taucuya/ppo/internal/repository/postgres/reps/product/product.go:104.103,106.110 2 1
github.com/taucuya/ppo/internal/repository/postgres/reps/product/product.go:106.110,108.3 1 0
github.com/taucuya/ppo/internal/repository/postgres/reps/product/product.go:110.2,112.23 2 1
github.com/taucuya/ppo/internal/repository/postgres/reps/product/product.go:112.23,124.3 1 1
github.com/taucuya/ppo/internal/repository/postgres/reps/product/product.go:125.2,125.22 1 1
github.com/taucuya/ppo/internal/repository/postgres/reps/product/product.go:128.97,131.63 2 0
github.com/taucuya/ppo/internal/repository/postgres/reps/product/product.go:131.63,133.3 1 0
github.com/taucuya/ppo/internal/repository/postgres/reps/product/product.go:135.2,137.23 2 0
github.com/taucuya/ppo/internal/repository/postgres/reps/product/product.go:137.23,149.3 1 0
github.com/taucuya/ppo/internal/repository/postgres/reps/product/product.go:150.2,150.22 1 0
github.com/taucuya/ppo/internal/repository/postgres/reps/product/product.go:153.72,156.16 2 1
github.com/taucuya/ppo/internal/repository/postgres/reps/product/product.go:156.16,158.3 1 0
github.com/taucuya/ppo/internal/repository/postgres/reps/product/product.go:160.2,161.23 2 1
github.com/taucuya/ppo/internal/repository/postgres/reps/product/product.go:161.23,163.3 1 0
github.com/taucuya/ppo/internal/repository/postgres/reps/product/product.go:165.2,165.12 1 1
github.com/taucuya/ppo/internal/repository/postgres/reps/review/review.go:17.35,19.2 1 1
github.com/taucuya/ppo/internal/repository/postgres/reps/review/review.go:21.76,35.2 3 1
github.com/taucuya/ppo/internal/repository/postgres/reps/review/review.go:37.91,40.16 3 1
github.com/taucuya/ppo/internal/repository/postgres/reps/review/review.go:40.16,42.3 1 0
github.com/taucuya/ppo/internal/repository/postgres/reps/review/review.go:43.2,50.16 2 1
github.com/taucuya/ppo/internal/repository/postgres/reps/review/review.go:53.72,55.16 2 1
github.com/taucuya/ppo/internal/repository/postgres/reps/review/review.go:55.16,57.3 1 0
github.com/taucuya/ppo/internal/repository/postgres/reps/review/review.go:59.2,60.23 2 1
github.com/taucuya/ppo/internal/repository/postgres/reps/review/review.go:60.23,62.3 1 0
github.com/taucuya/ppo/internal/repository/postgres/reps/review/review.go:64.2,64.12 1 1
github.com/taucuya/ppo/internal/repository/postgres/reps/review/review.go:67.111,72.16 3 1
github.com/taucuya/ppo/internal/repository/postgres/reps/review/review.go:72.16,74.3 1 0
github.com/taucuya/ppo/internal/repository/postgres/reps/review/review.go:75.2,76.24 2 1
github.com/taucuya/ppo/internal/repository/postgres/reps/review/review.go:76.24,85.3 1 1
github.com/taucuya/ppo/internal/repository/postgres/reps/review/review.go:86.2,86.15 1 1
github.com/taucuya/ppo/internal/repository/postgres/reps/user/user.go:18.35,20.2 1 1
github.com/taucuya/ppo/internal/repository/postgres/reps/user/user.go:22.87,24.16 2 1
github.com/taucuya/ppo/internal/repository/postgres/reps/user/user.go:24.16,26.3 1 0
github.com/taucuya/ppo/internal/repository/postgres/reps/user/user.go:28.2,56.16 5 1
github.com/taucuya/ppo/internal/repository/postgres/reps/user/user.go:56.16,58.3 1 0
github.com/taucuya/ppo/internal/repository/postgres/reps/user/user.go:59.2,59.16 1 1
github.com/taucuya/ppo/internal/repository/postgres/reps/user/user.go:62.89,65.16 3 1
github.com/taucuya/ppo/internal/repository/postgres/reps/user/user.go:65.16,67.3 1 0
github.com/taucuya/ppo/internal/repository/postgres/reps/user/user.go:68.2,78.17 2 1
github.com/taucuya/ppo/internal/repository/postgres/reps/user/user.go:81.90,84.16 3 1
github.com/taucuya/ppo/internal/repository/postgres/reps/user/user.go:84.16,86.3 1 0
github.com/taucuya/ppo/internal/repository/postgres/reps/user/user.go:87.2,98.17 2 1
github.com/taucuya/ppo/internal/repository/postgres/reps/user/user.go:101.81,104.16 3 0
github.com/taucuya/ppo/internal/repository/postgres/reps/user/user.go:104.16,106.3 1 0
github.com/taucuya/ppo/internal/repository/postgres/reps/user/user.go:107.2,108.22 2 0
github.com/taucuya/ppo/internal/repository/postgres/reps/user/user.go:108.22,119.3 1 0
github.com/taucuya/ppo/internal/repository/postgres/reps/user/user.go:121.2,121.17 1 0
github.com/taucuya/ppo/internal/repository/postgres/reps/user/user.go:124.92,127.16 3 1
github.com/taucuya/ppo/internal/repository/postgres/reps/user/user.go:127.16,129.3 1 0
github.com/taucuya/ppo/internal/repository/postgres/reps/user/user.go:130.2,141.17 2 1
github.com/taucuya/ppo/internal/repository/postgres/reps/worker/worker.go:17.35,19.2 1 1
github.com/taucuya/ppo/internal/repository/postgres/reps/worker/worker.go:21.76,29.16 3 1
github.com/taucuya/ppo/internal/repository/postgres/reps/worker/worker.go:29.16,31.3 1 0
github.com/taucuya/ppo/internal/repository/postgres/reps/worker/worker.go:32.2,33.12 2 1
github.com/taucuya/ppo/internal/repository/postgres/reps/worker/worker.go:36.91,39.16 3 1
github.com/taucuya/ppo/internal/repository/postgres/reps/worker/worker.go:39.16,41.3 1 0
github.com/taucuya/ppo/internal/repository/postgres/reps/worker/worker.go:42.2,47.16 2 1
github.com/taucuya/ppo/internal/repository/postgres/reps/worker/worker.go:50.94,52.101 2 1
github.com/taucuya/ppo/internal/repository/postgres/reps/worker/worker.go:52.101,54.3 1 0
github.com/taucuya/ppo/internal/repository/postgres/reps/worker/worker.go:55.2,58.16 3 1
github.com/taucuya/ppo/internal/repository/postgres/reps/worker/worker.go:58.16,60.3 1 0
github.com/taucuya/ppo/internal/repository/postgres/reps/worker/worker.go:61.2,62.22 2 1
github.com/taucuya/ppo/internal/repository/postgres/reps/worker/worker.go:62.22,71.3 1 1
github.com/taucuya/ppo/internal/repository/postgres/reps/worker/worker.go:73.2,73.18 1 1
github.com/taucuya/ppo/internal/repository/postgres/reps/worker/worker.go:76.72,78.16 2 1
github.com/taucuya/ppo/internal/repository/postgres/reps/worker/worker.go:78.16,80.3 1 0
github.com/taucuya/ppo/internal/repository/postgres/reps/worker/worker.go:82.2,83.23 2 1
github.com/taucuya/ppo/internal/repository/postgres/reps/worker/worker.go:83.23,85.3 1 0
github.com/taucuya/ppo/internal/repository/postgres/reps/worker/worker.go:87.2,87.12 1 1
github.com/taucuya/ppo/internal/repository/postgres/reps/worker/worker.go:90.85,93.16 3 0
github.com/taucuya/ppo/internal/repository/postgres/reps/worker/worker.go:93.16,95.3 1 0
github.com/taucuya/ppo/internal/repository/postgres/reps/worker/worker.go:97.2,98.24 2 0
github.com/taucuya/ppo/internal/repository/postgres/reps/worker/worker.go:98.24,104.3 1 0
github.com/taucuya/ppo/internal/repository/postgres/reps/worker/worker.go:105.2,105.15 1 0
github.com/taucuya/ppo/internal/repository/postgres/reps/worker/worker.go:108.102,121.2 2 1
